{"h:\\Works\\GitHub\\proximax-storage\\xpx-typescript-angular-sdk.git\\dist\\xpx-typescript-angular-sdk\\bundles\\xpx-typescript-angular-sdk.umd.js":{"path":"h:\\Works\\GitHub\\proximax-storage\\xpx-typescript-angular-sdk.git\\dist\\xpx-typescript-angular-sdk\\bundles\\xpx-typescript-angular-sdk.umd.js","statementMap":{"0":{"start":{"line":1,"column":0},"end":{"line":2693,"column":5}},"1":{"start":{"line":2,"column":4},"end":{"line":4,"column":145}},"2":{"start":{"line":14,"column":52},"end":{"line":14,"column":101}},"3":{"start":{"line":23,"column":32},"end":{"line":340,"column":7}},"4":{"start":{"line":30,"column":12},"end":{"line":30,"column":29}},"5":{"start":{"line":34,"column":12},"end":{"line":34,"column":67}},"6":{"start":{"line":35,"column":12},"end":{"line":37,"column":13}},"7":{"start":{"line":36,"column":16},"end":{"line":36,"column":39}},"8":{"start":{"line":52,"column":8},"end":{"line":83,"column":14}},"9":{"start":{"line":67,"column":48},"end":{"line":67,"column":96}},"10":{"start":{"line":68,"column":47},"end":{"line":68,"column":57}},"11":{"start":{"line":69,"column":16},"end":{"line":71,"column":17}},"12":{"start":{"line":70,"column":20},"end":{"line":70,"column":62}},"13":{"start":{"line":73,"column":44},"end":{"line":73,"column":87}},"14":{"start":{"line":75,"column":47},"end":{"line":77,"column":18}},"15":{"start":{"line":78,"column":16},"end":{"line":82,"column":19}},"16":{"start":{"line":97,"column":8},"end":{"line":129,"column":14}},"17":{"start":{"line":112,"column":48},"end":{"line":112,"column":98}},"18":{"start":{"line":114,"column":47},"end":{"line":114,"column":57}},"19":{"start":{"line":115,"column":16},"end":{"line":117,"column":17}},"20":{"start":{"line":116,"column":20},"end":{"line":116,"column":62}},"21":{"start":{"line":119,"column":44},"end":{"line":119,"column":87}},"22":{"start":{"line":121,"column":47},"end":{"line":123,"column":18}},"23":{"start":{"line":124,"column":16},"end":{"line":128,"column":19}},"24":{"start":{"line":143,"column":8},"end":{"line":175,"column":14}},"25":{"start":{"line":158,"column":48},"end":{"line":158,"column":81}},"26":{"start":{"line":160,"column":47},"end":{"line":160,"column":57}},"27":{"start":{"line":161,"column":16},"end":{"line":163,"column":17}},"28":{"start":{"line":162,"column":20},"end":{"line":162,"column":62}},"29":{"start":{"line":165,"column":44},"end":{"line":165,"column":87}},"30":{"start":{"line":167,"column":47},"end":{"line":169,"column":18}},"31":{"start":{"line":170,"column":16},"end":{"line":174,"column":19}},"32":{"start":{"line":189,"column":8},"end":{"line":221,"column":14}},"33":{"start":{"line":204,"column":48},"end":{"line":204,"column":98}},"34":{"start":{"line":206,"column":47},"end":{"line":206,"column":57}},"35":{"start":{"line":207,"column":16},"end":{"line":209,"column":17}},"36":{"start":{"line":208,"column":20},"end":{"line":208,"column":62}},"37":{"start":{"line":211,"column":44},"end":{"line":211,"column":87}},"38":{"start":{"line":213,"column":47},"end":{"line":215,"column":18}},"39":{"start":{"line":216,"column":16},"end":{"line":220,"column":19}},"40":{"start":{"line":237,"column":8},"end":{"line":279,"column":14}},"41":{"start":{"line":254,"column":48},"end":{"line":254,"column":89}},"42":{"start":{"line":256,"column":47},"end":{"line":256,"column":57}},"43":{"start":{"line":257,"column":16},"end":{"line":259,"column":17}},"44":{"start":{"line":258,"column":20},"end":{"line":258,"column":62}},"45":{"start":{"line":261,"column":44},"end":{"line":261,"column":87}},"46":{"start":{"line":263,"column":16},"end":{"line":265,"column":17}},"47":{"start":{"line":264,"column":20},"end":{"line":264,"column":65}},"48":{"start":{"line":267,"column":16},"end":{"line":269,"column":17}},"49":{"start":{"line":268,"column":20},"end":{"line":268,"column":80}},"50":{"start":{"line":271,"column":47},"end":{"line":273,"column":18}},"51":{"start":{"line":274,"column":16},"end":{"line":278,"column":19}},"52":{"start":{"line":293,"column":8},"end":{"line":325,"column":14}},"53":{"start":{"line":308,"column":48},"end":{"line":308,"column":101}},"54":{"start":{"line":310,"column":47},"end":{"line":310,"column":57}},"55":{"start":{"line":311,"column":16},"end":{"line":313,"column":17}},"56":{"start":{"line":312,"column":20},"end":{"line":312,"column":62}},"57":{"start":{"line":315,"column":44},"end":{"line":315,"column":87}},"58":{"start":{"line":317,"column":47},"end":{"line":319,"column":18}},"59":{"start":{"line":320,"column":16},"end":{"line":324,"column":19}},"60":{"start":{"line":326,"column":8},"end":{"line":330,"column":10}},"61":{"start":{"line":332,"column":8},"end":{"line":337,"column":10}},"62":{"start":{"line":333,"column":12},"end":{"line":336,"column":14}},"63":{"start":{"line":338,"column":27},"end":{"line":338,"column":292}},"64":{"start":{"line":338,"column":139},"end":{"line":338,"column":237}},"65":{"start":{"line":339,"column":8},"end":{"line":339,"column":36}},"66":{"start":{"line":349,"column":33},"end":{"line":429,"column":7}},"67":{"start":{"line":356,"column":12},"end":{"line":356,"column":29}},"68":{"start":{"line":360,"column":12},"end":{"line":360,"column":67}},"69":{"start":{"line":361,"column":12},"end":{"line":363,"column":13}},"70":{"start":{"line":362,"column":16},"end":{"line":362,"column":39}},"71":{"start":{"line":378,"column":8},"end":{"line":414,"column":14}},"72":{"start":{"line":393,"column":48},"end":{"line":393,"column":83}},"73":{"start":{"line":395,"column":47},"end":{"line":395,"column":57}},"74":{"start":{"line":396,"column":16},"end":{"line":398,"column":17}},"75":{"start":{"line":397,"column":20},"end":{"line":397,"column":74}},"76":{"start":{"line":400,"column":47},"end":{"line":405,"column":18}},"77":{"start":{"line":407,"column":48},"end":{"line":407,"column":62}},"78":{"start":{"line":408,"column":16},"end":{"line":408,"column":65}},"79":{"start":{"line":409,"column":16},"end":{"line":413,"column":19}},"80":{"start":{"line":415,"column":8},"end":{"line":419,"column":10}},"81":{"start":{"line":421,"column":8},"end":{"line":426,"column":10}},"82":{"start":{"line":422,"column":12},"end":{"line":425,"column":14}},"83":{"start":{"line":427,"column":27},"end":{"line":427,"column":296}},"84":{"start":{"line":427,"column":141},"end":{"line":427,"column":240}},"85":{"start":{"line":428,"column":8},"end":{"line":428,"column":37}},"86":{"start":{"line":442,"column":31},"end":{"line":712,"column":7}},"87":{"start":{"line":444,"column":12},"end":{"line":444,"column":27}},"88":{"start":{"line":445,"column":12},"end":{"line":445,"column":28}},"89":{"start":{"line":452,"column":8},"end":{"line":461,"column":14}},"90":{"start":{"line":458,"column":16},"end":{"line":458,"column":32}},"91":{"start":{"line":459,"column":16},"end":{"line":459,"column":29}},"92":{"start":{"line":460,"column":16},"end":{"line":460,"column":28}},"93":{"start":{"line":468,"column":8},"end":{"line":475,"column":14}},"94":{"start":{"line":474,"column":16},"end":{"line":474,"column":112}},"95":{"start":{"line":480,"column":8},"end":{"line":489,"column":14}},"96":{"start":{"line":486,"column":46},"end":{"line":486,"column":82}},"97":{"start":{"line":488,"column":16},"end":{"line":488,"column":117}},"98":{"start":{"line":494,"column":8},"end":{"line":501,"column":14}},"99":{"start":{"line":499,"column":46},"end":{"line":499,"column":82}},"100":{"start":{"line":500,"column":16},"end":{"line":500,"column":117}},"101":{"start":{"line":506,"column":8},"end":{"line":513,"column":14}},"102":{"start":{"line":511,"column":46},"end":{"line":511,"column":82}},"103":{"start":{"line":512,"column":16},"end":{"line":512,"column":117}},"104":{"start":{"line":518,"column":8},"end":{"line":525,"column":14}},"105":{"start":{"line":523,"column":46},"end":{"line":523,"column":83}},"106":{"start":{"line":524,"column":16},"end":{"line":524,"column":117}},"107":{"start":{"line":530,"column":8},"end":{"line":537,"column":14}},"108":{"start":{"line":535,"column":46},"end":{"line":535,"column":83}},"109":{"start":{"line":536,"column":16},"end":{"line":536,"column":117}},"110":{"start":{"line":541,"column":8},"end":{"line":547,"column":14}},"111":{"start":{"line":545,"column":46},"end":{"line":545,"column":83}},"112":{"start":{"line":546,"column":16},"end":{"line":546,"column":97}},"113":{"start":{"line":551,"column":8},"end":{"line":557,"column":14}},"114":{"start":{"line":555,"column":46},"end":{"line":555,"column":83}},"115":{"start":{"line":556,"column":16},"end":{"line":556,"column":141}},"116":{"start":{"line":562,"column":8},"end":{"line":569,"column":14}},"117":{"start":{"line":567,"column":46},"end":{"line":567,"column":83}},"118":{"start":{"line":568,"column":16},"end":{"line":568,"column":117}},"119":{"start":{"line":574,"column":8},"end":{"line":580,"column":14}},"120":{"start":{"line":579,"column":16},"end":{"line":579,"column":39}},"121":{"start":{"line":586,"column":8},"end":{"line":593,"column":14}},"122":{"start":{"line":592,"column":16},"end":{"line":592,"column":59}},"123":{"start":{"line":599,"column":8},"end":{"line":606,"column":14}},"124":{"start":{"line":605,"column":16},"end":{"line":605,"column":57}},"125":{"start":{"line":612,"column":8},"end":{"line":619,"column":14}},"126":{"start":{"line":618,"column":16},"end":{"line":618,"column":61}},"127":{"start":{"line":625,"column":8},"end":{"line":632,"column":14}},"128":{"start":{"line":631,"column":16},"end":{"line":631,"column":61}},"129":{"start":{"line":638,"column":8},"end":{"line":645,"column":14}},"130":{"start":{"line":644,"column":16},"end":{"line":644,"column":57}},"131":{"start":{"line":651,"column":8},"end":{"line":658,"column":14}},"132":{"start":{"line":657,"column":16},"end":{"line":657,"column":50}},"133":{"start":{"line":664,"column":8},"end":{"line":671,"column":14}},"134":{"start":{"line":670,"column":16},"end":{"line":670,"column":78}},"135":{"start":{"line":677,"column":8},"end":{"line":684,"column":14}},"136":{"start":{"line":683,"column":16},"end":{"line":683,"column":57}},"137":{"start":{"line":690,"column":8},"end":{"line":697,"column":14}},"138":{"start":{"line":695,"column":46},"end":{"line":695,"column":65}},"139":{"start":{"line":696,"column":16},"end":{"line":696,"column":30}},"140":{"start":{"line":703,"column":8},"end":{"line":710,"column":14}},"141":{"start":{"line":709,"column":16},"end":{"line":709,"column":39}},"142":{"start":{"line":711,"column":8},"end":{"line":711,"column":35}},"143":{"start":{"line":729,"column":24},"end":{"line":736,"column":5}},"144":{"start":{"line":730,"column":8},"end":{"line":734,"column":35}},"145":{"start":{"line":731,"column":69},"end":{"line":731,"column":85}},"146":{"start":{"line":732,"column":30},"end":{"line":734,"column":32}},"147":{"start":{"line":733,"column":16},"end":{"line":734,"column":32}},"148":{"start":{"line":734,"column":20},"end":{"line":734,"column":32}},"149":{"start":{"line":735,"column":8},"end":{"line":735,"column":35}},"150":{"start":{"line":738,"column":8},"end":{"line":738,"column":28}},"151":{"start":{"line":739,"column":24},"end":{"line":739,"column":45}},"152":{"start":{"line":740,"column":8},"end":{"line":740,"column":93}},"153":{"start":{"line":756,"column":29},"end":{"line":790,"column":30}},"154":{"start":{"line":757,"column":8},"end":{"line":757,"column":45}},"155":{"start":{"line":759,"column":12},"end":{"line":759,"column":76}},"156":{"start":{"line":766,"column":8},"end":{"line":774,"column":14}},"157":{"start":{"line":772,"column":16},"end":{"line":772,"column":61}},"158":{"start":{"line":773,"column":16},"end":{"line":773,"column":48}},"159":{"start":{"line":780,"column":8},"end":{"line":788,"column":14}},"160":{"start":{"line":786,"column":16},"end":{"line":786,"column":63}},"161":{"start":{"line":787,"column":16},"end":{"line":787,"column":48}},"162":{"start":{"line":789,"column":8},"end":{"line":789,"column":33}},"163":{"start":{"line":796,"column":19},"end":{"line":847,"column":7}},"164":{"start":{"line":804,"column":8},"end":{"line":823,"column":14}},"165":{"start":{"line":810,"column":16},"end":{"line":819,"column":17}},"166":{"start":{"line":812,"column":20},"end":{"line":812,"column":77}},"167":{"start":{"line":817,"column":20},"end":{"line":818,"column":70}},"168":{"start":{"line":822,"column":16},"end":{"line":822,"column":46}},"169":{"start":{"line":829,"column":8},"end":{"line":845,"column":14}},"170":{"start":{"line":835,"column":16},"end":{"line":837,"column":17}},"171":{"start":{"line":836,"column":20},"end":{"line":836,"column":32}},"172":{"start":{"line":838,"column":16},"end":{"line":843,"column":17}},"173":{"start":{"line":839,"column":20},"end":{"line":839,"column":36}},"174":{"start":{"line":842,"column":20},"end":{"line":842,"column":33}},"175":{"start":{"line":844,"column":16},"end":{"line":844,"column":28}},"176":{"start":{"line":846,"column":8},"end":{"line":846,"column":23}},"177":{"start":{"line":856,"column":31},"end":{"line":1266,"column":7}},"178":{"start":{"line":863,"column":12},"end":{"line":863,"column":29}},"179":{"start":{"line":864,"column":12},"end":{"line":864,"column":67}},"180":{"start":{"line":865,"column":12},"end":{"line":867,"column":13}},"181":{"start":{"line":866,"column":16},"end":{"line":866,"column":39}},"182":{"start":{"line":880,"column":8},"end":{"line":934,"column":14}},"183":{"start":{"line":893,"column":48},"end":{"line":893,"column":76}},"184":{"start":{"line":894,"column":16},"end":{"line":902,"column":17}},"185":{"start":{"line":895,"column":20},"end":{"line":895,"column":77}},"186":{"start":{"line":897,"column":21},"end":{"line":902,"column":17}},"187":{"start":{"line":898,"column":20},"end":{"line":898,"column":86}},"188":{"start":{"line":900,"column":21},"end":{"line":902,"column":17}},"189":{"start":{"line":901,"column":20},"end":{"line":901,"column":99}},"190":{"start":{"line":904,"column":47},"end":{"line":907,"column":18}},"191":{"start":{"line":910,"column":51},"end":{"line":910,"column":69}},"192":{"start":{"line":911,"column":16},"end":{"line":911,"column":43}},"193":{"start":{"line":912,"column":48},"end":{"line":912,"column":71}},"194":{"start":{"line":913,"column":16},"end":{"line":913,"column":38}},"195":{"start":{"line":915,"column":52},"end":{"line":915,"column":58}},"196":{"start":{"line":917,"column":47},"end":{"line":917,"column":57}},"197":{"start":{"line":918,"column":16},"end":{"line":933,"column":63}},"198":{"start":{"line":925,"column":48},"end":{"line":925,"column":92}},"199":{"start":{"line":927,"column":54},"end":{"line":927,"column":98}},"200":{"start":{"line":929,"column":56},"end":{"line":929,"column":116}},"201":{"start":{"line":932,"column":20},"end":{"line":932,"column":40}},"202":{"start":{"line":946,"column":8},"end":{"line":996,"column":14}},"203":{"start":{"line":959,"column":48},"end":{"line":959,"column":84}},"204":{"start":{"line":960,"column":16},"end":{"line":968,"column":17}},"205":{"start":{"line":961,"column":20},"end":{"line":961,"column":77}},"206":{"start":{"line":963,"column":21},"end":{"line":968,"column":17}},"207":{"start":{"line":964,"column":20},"end":{"line":964,"column":86}},"208":{"start":{"line":966,"column":21},"end":{"line":968,"column":17}},"209":{"start":{"line":967,"column":20},"end":{"line":967,"column":99}},"210":{"start":{"line":970,"column":47},"end":{"line":973,"column":18}},"211":{"start":{"line":975,"column":48},"end":{"line":975,"column":71}},"212":{"start":{"line":977,"column":52},"end":{"line":977,"column":58}},"213":{"start":{"line":979,"column":47},"end":{"line":979,"column":57}},"214":{"start":{"line":980,"column":16},"end":{"line":995,"column":63}},"215":{"start":{"line":987,"column":48},"end":{"line":987,"column":92}},"216":{"start":{"line":989,"column":54},"end":{"line":989,"column":98}},"217":{"start":{"line":991,"column":56},"end":{"line":991,"column":116}},"218":{"start":{"line":994,"column":20},"end":{"line":994,"column":40}},"219":{"start":{"line":1009,"column":8},"end":{"line":1060,"column":14}},"220":{"start":{"line":1023,"column":48},"end":{"line":1023,"column":85}},"221":{"start":{"line":1024,"column":16},"end":{"line":1032,"column":17}},"222":{"start":{"line":1025,"column":20},"end":{"line":1025,"column":77}},"223":{"start":{"line":1027,"column":21},"end":{"line":1032,"column":17}},"224":{"start":{"line":1028,"column":20},"end":{"line":1028,"column":86}},"225":{"start":{"line":1030,"column":21},"end":{"line":1032,"column":17}},"226":{"start":{"line":1031,"column":20},"end":{"line":1031,"column":99}},"227":{"start":{"line":1034,"column":47},"end":{"line":1037,"column":18}},"228":{"start":{"line":1039,"column":48},"end":{"line":1039,"column":71}},"229":{"start":{"line":1041,"column":52},"end":{"line":1041,"column":58}},"230":{"start":{"line":1043,"column":47},"end":{"line":1043,"column":57}},"231":{"start":{"line":1044,"column":16},"end":{"line":1059,"column":63}},"232":{"start":{"line":1051,"column":48},"end":{"line":1051,"column":92}},"233":{"start":{"line":1053,"column":54},"end":{"line":1053,"column":98}},"234":{"start":{"line":1055,"column":56},"end":{"line":1055,"column":116}},"235":{"start":{"line":1058,"column":20},"end":{"line":1058,"column":40}},"236":{"start":{"line":1075,"column":8},"end":{"line":1127,"column":14}},"237":{"start":{"line":1091,"column":48},"end":{"line":1091,"column":85}},"238":{"start":{"line":1092,"column":16},"end":{"line":1094,"column":17}},"239":{"start":{"line":1093,"column":20},"end":{"line":1093,"column":110}},"240":{"start":{"line":1095,"column":16},"end":{"line":1097,"column":17}},"241":{"start":{"line":1096,"column":20},"end":{"line":1096,"column":109}},"242":{"start":{"line":1098,"column":16},"end":{"line":1100,"column":17}},"243":{"start":{"line":1099,"column":20},"end":{"line":1099,"column":92}},"244":{"start":{"line":1101,"column":16},"end":{"line":1109,"column":17}},"245":{"start":{"line":1102,"column":20},"end":{"line":1102,"column":77}},"246":{"start":{"line":1104,"column":21},"end":{"line":1109,"column":17}},"247":{"start":{"line":1105,"column":20},"end":{"line":1105,"column":86}},"248":{"start":{"line":1107,"column":21},"end":{"line":1109,"column":17}},"249":{"start":{"line":1108,"column":20},"end":{"line":1108,"column":99}},"250":{"start":{"line":1111,"column":47},"end":{"line":1117,"column":18}},"251":{"start":{"line":1119,"column":48},"end":{"line":1119,"column":71}},"252":{"start":{"line":1121,"column":47},"end":{"line":1121,"column":57}},"253":{"start":{"line":1122,"column":16},"end":{"line":1126,"column":19}},"254":{"start":{"line":1144,"column":8},"end":{"line":1206,"column":14}},"255":{"start":{"line":1162,"column":48},"end":{"line":1162,"column":85}},"256":{"start":{"line":1163,"column":16},"end":{"line":1165,"column":17}},"257":{"start":{"line":1164,"column":20},"end":{"line":1164,"column":110}},"258":{"start":{"line":1166,"column":16},"end":{"line":1168,"column":17}},"259":{"start":{"line":1167,"column":20},"end":{"line":1167,"column":109}},"260":{"start":{"line":1169,"column":16},"end":{"line":1171,"column":17}},"261":{"start":{"line":1170,"column":20},"end":{"line":1170,"column":92}},"262":{"start":{"line":1172,"column":16},"end":{"line":1174,"column":17}},"263":{"start":{"line":1173,"column":20},"end":{"line":1173,"column":68}},"264":{"start":{"line":1176,"column":47},"end":{"line":1183,"column":18}},"265":{"start":{"line":1185,"column":51},"end":{"line":1185,"column":106}},"266":{"start":{"line":1186,"column":16},"end":{"line":1188,"column":17}},"267":{"start":{"line":1187,"column":20},"end":{"line":1187,"column":72}},"268":{"start":{"line":1189,"column":16},"end":{"line":1191,"column":17}},"269":{"start":{"line":1190,"column":20},"end":{"line":1190,"column":72}},"270":{"start":{"line":1192,"column":16},"end":{"line":1194,"column":17}},"271":{"start":{"line":1193,"column":20},"end":{"line":1193,"column":78}},"272":{"start":{"line":1196,"column":48},"end":{"line":1196,"column":62}},"273":{"start":{"line":1197,"column":16},"end":{"line":1197,"column":65}},"274":{"start":{"line":1199,"column":47},"end":{"line":1199,"column":57}},"275":{"start":{"line":1200,"column":16},"end":{"line":1205,"column":19}},"276":{"start":{"line":1218,"column":8},"end":{"line":1251,"column":14}},"277":{"start":{"line":1231,"column":48},"end":{"line":1231,"column":79}},"278":{"start":{"line":1232,"column":16},"end":{"line":1234,"column":17}},"279":{"start":{"line":1233,"column":20},"end":{"line":1233,"column":61}},"280":{"start":{"line":1236,"column":47},"end":{"line":1239,"column":18}},"281":{"start":{"line":1241,"column":51},"end":{"line":1241,"column":134}},"282":{"start":{"line":1243,"column":47},"end":{"line":1243,"column":57}},"283":{"start":{"line":1244,"column":16},"end":{"line":1250,"column":19}},"284":{"start":{"line":1252,"column":8},"end":{"line":1256,"column":10}},"285":{"start":{"line":1258,"column":8},"end":{"line":1263,"column":10}},"286":{"start":{"line":1259,"column":12},"end":{"line":1262,"column":14}},"287":{"start":{"line":1264,"column":27},"end":{"line":1264,"column":288}},"288":{"start":{"line":1264,"column":137},"end":{"line":1264,"column":234}},"289":{"start":{"line":1265,"column":8},"end":{"line":1265,"column":35}},"290":{"start":{"line":1275,"column":33},"end":{"line":1657,"column":7}},"291":{"start":{"line":1282,"column":12},"end":{"line":1282,"column":29}},"292":{"start":{"line":1286,"column":12},"end":{"line":1286,"column":67}},"293":{"start":{"line":1287,"column":12},"end":{"line":1289,"column":13}},"294":{"start":{"line":1288,"column":16},"end":{"line":1288,"column":39}},"295":{"start":{"line":1306,"column":8},"end":{"line":1350,"column":14}},"296":{"start":{"line":1323,"column":48},"end":{"line":1323,"column":80}},"297":{"start":{"line":1324,"column":16},"end":{"line":1326,"column":17}},"298":{"start":{"line":1325,"column":20},"end":{"line":1325,"column":60}},"299":{"start":{"line":1328,"column":52},"end":{"line":1328,"column":58}},"300":{"start":{"line":1330,"column":47},"end":{"line":1330,"column":57}},"301":{"start":{"line":1332,"column":47},"end":{"line":1335,"column":18}},"302":{"start":{"line":1336,"column":51},"end":{"line":1336,"column":106}},"303":{"start":{"line":1337,"column":16},"end":{"line":1339,"column":17}},"304":{"start":{"line":1338,"column":20},"end":{"line":1338,"column":67}},"305":{"start":{"line":1340,"column":16},"end":{"line":1342,"column":17}},"306":{"start":{"line":1341,"column":20},"end":{"line":1341,"column":94}},"307":{"start":{"line":1343,"column":16},"end":{"line":1349,"column":19}},"308":{"start":{"line":1366,"column":8},"end":{"line":1410,"column":14}},"309":{"start":{"line":1383,"column":48},"end":{"line":1383,"column":78}},"310":{"start":{"line":1384,"column":16},"end":{"line":1386,"column":17}},"311":{"start":{"line":1385,"column":20},"end":{"line":1385,"column":60}},"312":{"start":{"line":1388,"column":52},"end":{"line":1388,"column":58}},"313":{"start":{"line":1390,"column":47},"end":{"line":1390,"column":57}},"314":{"start":{"line":1392,"column":47},"end":{"line":1395,"column":18}},"315":{"start":{"line":1396,"column":51},"end":{"line":1396,"column":106}},"316":{"start":{"line":1397,"column":16},"end":{"line":1399,"column":17}},"317":{"start":{"line":1398,"column":20},"end":{"line":1398,"column":67}},"318":{"start":{"line":1400,"column":16},"end":{"line":1402,"column":17}},"319":{"start":{"line":1401,"column":20},"end":{"line":1401,"column":94}},"320":{"start":{"line":1403,"column":16},"end":{"line":1409,"column":19}},"321":{"start":{"line":1426,"column":8},"end":{"line":1474,"column":14}},"322":{"start":{"line":1443,"column":48},"end":{"line":1443,"column":87}},"323":{"start":{"line":1444,"column":16},"end":{"line":1446,"column":17}},"324":{"start":{"line":1445,"column":20},"end":{"line":1445,"column":110}},"325":{"start":{"line":1447,"column":16},"end":{"line":1449,"column":17}},"326":{"start":{"line":1448,"column":20},"end":{"line":1448,"column":60}},"327":{"start":{"line":1451,"column":52},"end":{"line":1451,"column":58}},"328":{"start":{"line":1453,"column":47},"end":{"line":1453,"column":57}},"329":{"start":{"line":1455,"column":47},"end":{"line":1459,"column":18}},"330":{"start":{"line":1460,"column":51},"end":{"line":1460,"column":106}},"331":{"start":{"line":1461,"column":16},"end":{"line":1463,"column":17}},"332":{"start":{"line":1462,"column":20},"end":{"line":1462,"column":67}},"333":{"start":{"line":1464,"column":16},"end":{"line":1466,"column":17}},"334":{"start":{"line":1465,"column":20},"end":{"line":1465,"column":94}},"335":{"start":{"line":1467,"column":16},"end":{"line":1473,"column":19}},"336":{"start":{"line":1490,"column":8},"end":{"line":1538,"column":14}},"337":{"start":{"line":1507,"column":48},"end":{"line":1507,"column":85}},"338":{"start":{"line":1508,"column":16},"end":{"line":1510,"column":17}},"339":{"start":{"line":1509,"column":20},"end":{"line":1509,"column":110}},"340":{"start":{"line":1511,"column":16},"end":{"line":1513,"column":17}},"341":{"start":{"line":1512,"column":20},"end":{"line":1512,"column":60}},"342":{"start":{"line":1515,"column":52},"end":{"line":1515,"column":58}},"343":{"start":{"line":1517,"column":47},"end":{"line":1517,"column":57}},"344":{"start":{"line":1519,"column":47},"end":{"line":1523,"column":18}},"345":{"start":{"line":1524,"column":51},"end":{"line":1524,"column":106}},"346":{"start":{"line":1525,"column":16},"end":{"line":1527,"column":17}},"347":{"start":{"line":1526,"column":20},"end":{"line":1526,"column":67}},"348":{"start":{"line":1528,"column":16},"end":{"line":1530,"column":17}},"349":{"start":{"line":1529,"column":20},"end":{"line":1529,"column":94}},"350":{"start":{"line":1531,"column":16},"end":{"line":1537,"column":19}},"351":{"start":{"line":1552,"column":8},"end":{"line":1586,"column":14}},"352":{"start":{"line":1567,"column":48},"end":{"line":1567,"column":88}},"353":{"start":{"line":1568,"column":16},"end":{"line":1570,"column":17}},"354":{"start":{"line":1569,"column":20},"end":{"line":1569,"column":60}},"355":{"start":{"line":1572,"column":47},"end":{"line":1575,"column":18}},"356":{"start":{"line":1577,"column":47},"end":{"line":1577,"column":91}},"357":{"start":{"line":1579,"column":47},"end":{"line":1579,"column":57}},"358":{"start":{"line":1580,"column":16},"end":{"line":1585,"column":19}},"359":{"start":{"line":1600,"column":8},"end":{"line":1642,"column":14}},"360":{"start":{"line":1615,"column":48},"end":{"line":1615,"column":89}},"361":{"start":{"line":1616,"column":16},"end":{"line":1618,"column":17}},"362":{"start":{"line":1617,"column":20},"end":{"line":1617,"column":60}},"363":{"start":{"line":1620,"column":52},"end":{"line":1620,"column":58}},"364":{"start":{"line":1622,"column":47},"end":{"line":1622,"column":57}},"365":{"start":{"line":1624,"column":47},"end":{"line":1627,"column":18}},"366":{"start":{"line":1629,"column":44},"end":{"line":1629,"column":89}},"367":{"start":{"line":1635,"column":16},"end":{"line":1641,"column":19}},"368":{"start":{"line":1643,"column":8},"end":{"line":1647,"column":10}},"369":{"start":{"line":1649,"column":8},"end":{"line":1654,"column":10}},"370":{"start":{"line":1650,"column":12},"end":{"line":1653,"column":14}},"371":{"start":{"line":1655,"column":27},"end":{"line":1655,"column":296}},"372":{"start":{"line":1655,"column":141},"end":{"line":1655,"column":240}},"373":{"start":{"line":1656,"column":8},"end":{"line":1656,"column":37}},"374":{"start":{"line":1666,"column":29},"end":{"line":1890,"column":7}},"375":{"start":{"line":1673,"column":12},"end":{"line":1673,"column":29}},"376":{"start":{"line":1677,"column":12},"end":{"line":1677,"column":67}},"377":{"start":{"line":1678,"column":12},"end":{"line":1680,"column":13}},"378":{"start":{"line":1679,"column":16},"end":{"line":1679,"column":39}},"379":{"start":{"line":1692,"column":8},"end":{"line":1716,"column":14}},"380":{"start":{"line":1703,"column":48},"end":{"line":1703,"column":75}},"381":{"start":{"line":1704,"column":16},"end":{"line":1704,"column":38}},"382":{"start":{"line":1706,"column":47},"end":{"line":1708,"column":18}},"383":{"start":{"line":1710,"column":47},"end":{"line":1710,"column":57}},"384":{"start":{"line":1711,"column":16},"end":{"line":1715,"column":19}},"385":{"start":{"line":1727,"column":8},"end":{"line":1750,"column":14}},"386":{"start":{"line":1738,"column":48},"end":{"line":1738,"column":74}},"387":{"start":{"line":1740,"column":47},"end":{"line":1742,"column":18}},"388":{"start":{"line":1744,"column":47},"end":{"line":1744,"column":57}},"389":{"start":{"line":1745,"column":16},"end":{"line":1749,"column":19}},"390":{"start":{"line":1761,"column":8},"end":{"line":1784,"column":14}},"391":{"start":{"line":1772,"column":48},"end":{"line":1772,"column":80}},"392":{"start":{"line":1774,"column":47},"end":{"line":1776,"column":18}},"393":{"start":{"line":1778,"column":47},"end":{"line":1778,"column":57}},"394":{"start":{"line":1779,"column":16},"end":{"line":1783,"column":19}},"395":{"start":{"line":1788,"column":8},"end":{"line":1824,"column":14}},"396":{"start":{"line":1792,"column":16},"end":{"line":1823,"column":20}},"397":{"start":{"line":1793,"column":52},"end":{"line":1793,"column":65}},"398":{"start":{"line":1794,"column":53},"end":{"line":1794,"column":57}},"399":{"start":{"line":1795,"column":57},"end":{"line":1795,"column":61}},"400":{"start":{"line":1796,"column":55},"end":{"line":1796,"column":59}},"401":{"start":{"line":1797,"column":20},"end":{"line":1813,"column":21}},"402":{"start":{"line":1799,"column":28},"end":{"line":1799,"column":45}},"403":{"start":{"line":1800,"column":28},"end":{"line":1800,"column":49}},"404":{"start":{"line":1801,"column":28},"end":{"line":1801,"column":46}},"405":{"start":{"line":1802,"column":28},"end":{"line":1802,"column":34}},"406":{"start":{"line":1804,"column":28},"end":{"line":1804,"column":44}},"407":{"start":{"line":1805,"column":28},"end":{"line":1805,"column":49}},"408":{"start":{"line":1806,"column":28},"end":{"line":1806,"column":46}},"409":{"start":{"line":1807,"column":28},"end":{"line":1807,"column":34}},"410":{"start":{"line":1809,"column":28},"end":{"line":1809,"column":43}},"411":{"start":{"line":1810,"column":28},"end":{"line":1810,"column":49}},"412":{"start":{"line":1811,"column":28},"end":{"line":1811,"column":46}},"413":{"start":{"line":1812,"column":28},"end":{"line":1812,"column":34}},"414":{"start":{"line":1814,"column":51},"end":{"line":1821,"column":21}},"415":{"start":{"line":1822,"column":20},"end":{"line":1822,"column":35}},"416":{"start":{"line":1838,"column":8},"end":{"line":1875,"column":14}},"417":{"start":{"line":1852,"column":48},"end":{"line":1852,"column":95}},"418":{"start":{"line":1854,"column":47},"end":{"line":1856,"column":18}},"419":{"start":{"line":1858,"column":47},"end":{"line":1858,"column":57}},"420":{"start":{"line":1859,"column":51},"end":{"line":1859,"column":106}},"421":{"start":{"line":1860,"column":16},"end":{"line":1862,"column":17}},"422":{"start":{"line":1861,"column":20},"end":{"line":1861,"column":70}},"423":{"start":{"line":1863,"column":16},"end":{"line":1865,"column":17}},"424":{"start":{"line":1864,"column":20},"end":{"line":1864,"column":68}},"425":{"start":{"line":1866,"column":16},"end":{"line":1868,"column":17}},"426":{"start":{"line":1867,"column":20},"end":{"line":1867,"column":64}},"427":{"start":{"line":1869,"column":16},"end":{"line":1874,"column":19}},"428":{"start":{"line":1876,"column":8},"end":{"line":1880,"column":10}},"429":{"start":{"line":1882,"column":8},"end":{"line":1887,"column":10}},"430":{"start":{"line":1883,"column":12},"end":{"line":1886,"column":14}},"431":{"start":{"line":1888,"column":27},"end":{"line":1888,"column":280}},"432":{"start":{"line":1888,"column":133},"end":{"line":1888,"column":228}},"433":{"start":{"line":1889,"column":8},"end":{"line":1889,"column":33}},"434":{"start":{"line":1896,"column":31},"end":{"line":1896,"column":57}},"435":{"start":{"line":1900,"column":44},"end":{"line":2073,"column":7}},"436":{"start":{"line":1907,"column":12},"end":{"line":1907,"column":29}},"437":{"start":{"line":1911,"column":12},"end":{"line":1911,"column":67}},"438":{"start":{"line":1912,"column":12},"end":{"line":1914,"column":13}},"439":{"start":{"line":1913,"column":16},"end":{"line":1913,"column":39}},"440":{"start":{"line":1921,"column":8},"end":{"line":1946,"column":14}},"441":{"start":{"line":1927,"column":28},"end":{"line":1927,"column":32}},"442":{"start":{"line":1928,"column":16},"end":{"line":1930,"column":17}},"443":{"start":{"line":1929,"column":20},"end":{"line":1929,"column":95}},"444":{"start":{"line":1932,"column":51},"end":{"line":1932,"column":97}},"445":{"start":{"line":1933,"column":16},"end":{"line":1945,"column":20}},"446":{"start":{"line":1934,"column":52},"end":{"line":1934,"column":134}},"447":{"start":{"line":1936,"column":51},"end":{"line":1938,"column":22}},"448":{"start":{"line":1939,"column":51},"end":{"line":1939,"column":61}},"449":{"start":{"line":1940,"column":20},"end":{"line":1944,"column":23}},"450":{"start":{"line":1955,"column":8},"end":{"line":2030,"column":14}},"451":{"start":{"line":1964,"column":57},"end":{"line":1967,"column":17}},"452":{"start":{"line":1968,"column":16},"end":{"line":1970,"column":17}},"453":{"start":{"line":1969,"column":20},"end":{"line":1969,"column":66}},"454":{"start":{"line":1971,"column":16},"end":{"line":1973,"column":17}},"455":{"start":{"line":1972,"column":20},"end":{"line":1972,"column":80}},"456":{"start":{"line":1974,"column":16},"end":{"line":1976,"column":17}},"457":{"start":{"line":1975,"column":20},"end":{"line":1975,"column":81}},"458":{"start":{"line":1978,"column":59},"end":{"line":1978,"column":103}},"459":{"start":{"line":1980,"column":68},"end":{"line":1980,"column":121}},"460":{"start":{"line":1982,"column":46},"end":{"line":1982,"column":77}},"461":{"start":{"line":1983,"column":16},"end":{"line":1985,"column":17}},"462":{"start":{"line":1984,"column":20},"end":{"line":1984,"column":99}},"463":{"start":{"line":1986,"column":16},"end":{"line":1988,"column":17}},"464":{"start":{"line":1987,"column":20},"end":{"line":1987,"column":99}},"465":{"start":{"line":1990,"column":16},"end":{"line":1990,"column":42}},"466":{"start":{"line":1992,"column":48},"end":{"line":1992,"column":125}},"467":{"start":{"line":1994,"column":56},"end":{"line":1994,"column":103}},"468":{"start":{"line":1996,"column":16},"end":{"line":1996,"column":51}},"469":{"start":{"line":1998,"column":16},"end":{"line":1998,"column":65}},"470":{"start":{"line":2000,"column":59},"end":{"line":2000,"column":120}},"471":{"start":{"line":2002,"column":16},"end":{"line":2002,"column":70}},"472":{"start":{"line":2004,"column":59},"end":{"line":2004,"column":128}},"473":{"start":{"line":2006,"column":16},"end":{"line":2006,"column":70}},"474":{"start":{"line":2008,"column":48},"end":{"line":2008,"column":166}},"475":{"start":{"line":2009,"column":16},"end":{"line":2029,"column":19}},"476":{"start":{"line":2010,"column":20},"end":{"line":2010,"column":47}},"477":{"start":{"line":2011,"column":60},"end":{"line":2011,"column":129}},"478":{"start":{"line":2013,"column":58},"end":{"line":2013,"column":119}},"479":{"start":{"line":2015,"column":20},"end":{"line":2016,"column":67}},"480":{"start":{"line":2016,"column":24},"end":{"line":2016,"column":67}},"481":{"start":{"line":2018,"column":20},"end":{"line":2018,"column":70}},"482":{"start":{"line":2019,"column":20},"end":{"line":2019,"column":117}},"483":{"start":{"line":2021,"column":61},"end":{"line":2021,"column":191}},"484":{"start":{"line":2023,"column":54},"end":{"line":2023,"column":117}},"485":{"start":{"line":2025,"column":53},"end":{"line":2025,"column":78}},"486":{"start":{"line":2026,"column":20},"end":{"line":2026,"column":82}},"487":{"start":{"line":2027,"column":20},"end":{"line":2027,"column":71}},"488":{"start":{"line":2028,"column":20},"end":{"line":2028,"column":45}},"489":{"start":{"line":2037,"column":8},"end":{"line":2058,"column":14}},"490":{"start":{"line":2044,"column":48},"end":{"line":2044,"column":80}},"491":{"start":{"line":2045,"column":16},"end":{"line":2047,"column":17}},"492":{"start":{"line":2046,"column":20},"end":{"line":2046,"column":60}},"493":{"start":{"line":2049,"column":47},"end":{"line":2049,"column":88}},"494":{"start":{"line":2051,"column":47},"end":{"line":2053,"column":18}},"495":{"start":{"line":2054,"column":16},"end":{"line":2057,"column":19}},"496":{"start":{"line":2059,"column":8},"end":{"line":2063,"column":10}},"497":{"start":{"line":2065,"column":8},"end":{"line":2070,"column":10}},"498":{"start":{"line":2066,"column":12},"end":{"line":2069,"column":14}},"499":{"start":{"line":2071,"column":27},"end":{"line":2071,"column":340}},"500":{"start":{"line":2071,"column":163},"end":{"line":2071,"column":273}},"501":{"start":{"line":2072,"column":8},"end":{"line":2072,"column":48}},"502":{"start":{"line":2082,"column":31},"end":{"line":2246,"column":7}},"503":{"start":{"line":2089,"column":12},"end":{"line":2089,"column":29}},"504":{"start":{"line":2093,"column":12},"end":{"line":2093,"column":67}},"505":{"start":{"line":2094,"column":12},"end":{"line":2096,"column":13}},"506":{"start":{"line":2095,"column":16},"end":{"line":2095,"column":39}},"507":{"start":{"line":2109,"column":8},"end":{"line":2139,"column":14}},"508":{"start":{"line":2121,"column":48},"end":{"line":2121,"column":83}},"509":{"start":{"line":2122,"column":16},"end":{"line":2124,"column":17}},"510":{"start":{"line":2123,"column":20},"end":{"line":2123,"column":62}},"511":{"start":{"line":2126,"column":47},"end":{"line":2129,"column":18}},"512":{"start":{"line":2131,"column":47},"end":{"line":2131,"column":57}},"513":{"start":{"line":2133,"column":44},"end":{"line":2133,"column":89}},"514":{"start":{"line":2134,"column":16},"end":{"line":2138,"column":19}},"515":{"start":{"line":2151,"column":8},"end":{"line":2181,"column":14}},"516":{"start":{"line":2163,"column":48},"end":{"line":2163,"column":79}},"517":{"start":{"line":2164,"column":16},"end":{"line":2166,"column":17}},"518":{"start":{"line":2165,"column":20},"end":{"line":2165,"column":62}},"519":{"start":{"line":2168,"column":47},"end":{"line":2171,"column":18}},"520":{"start":{"line":2173,"column":47},"end":{"line":2173,"column":57}},"521":{"start":{"line":2175,"column":44},"end":{"line":2175,"column":85}},"522":{"start":{"line":2176,"column":16},"end":{"line":2180,"column":19}},"523":{"start":{"line":2194,"column":8},"end":{"line":2231,"column":14}},"524":{"start":{"line":2207,"column":48},"end":{"line":2207,"column":83}},"525":{"start":{"line":2208,"column":16},"end":{"line":2210,"column":17}},"526":{"start":{"line":2209,"column":20},"end":{"line":2209,"column":62}},"527":{"start":{"line":2212,"column":47},"end":{"line":2215,"column":18}},"528":{"start":{"line":2217,"column":47},"end":{"line":2217,"column":57}},"529":{"start":{"line":2218,"column":51},"end":{"line":2218,"column":106}},"530":{"start":{"line":2219,"column":16},"end":{"line":2221,"column":17}},"531":{"start":{"line":2220,"column":20},"end":{"line":2220,"column":62}},"532":{"start":{"line":2222,"column":16},"end":{"line":2224,"column":17}},"533":{"start":{"line":2223,"column":20},"end":{"line":2223,"column":66}},"534":{"start":{"line":2225,"column":16},"end":{"line":2230,"column":19}},"535":{"start":{"line":2232,"column":8},"end":{"line":2236,"column":10}},"536":{"start":{"line":2238,"column":8},"end":{"line":2243,"column":10}},"537":{"start":{"line":2239,"column":12},"end":{"line":2242,"column":14}},"538":{"start":{"line":2244,"column":27},"end":{"line":2244,"column":288}},"539":{"start":{"line":2244,"column":137},"end":{"line":2244,"column":234}},"540":{"start":{"line":2245,"column":8},"end":{"line":2245,"column":35}},"541":{"start":{"line":2257,"column":25},"end":{"line":2385,"column":7}},"542":{"start":{"line":2266,"column":12},"end":{"line":2266,"column":76}},"543":{"start":{"line":2273,"column":12},"end":{"line":2273,"column":74}},"544":{"start":{"line":2277,"column":12},"end":{"line":2277,"column":33}},"545":{"start":{"line":2281,"column":12},"end":{"line":2281,"column":51}},"546":{"start":{"line":2282,"column":12},"end":{"line":2282,"column":33}},"547":{"start":{"line":2283,"column":12},"end":{"line":2283,"column":49}},"548":{"start":{"line":2290,"column":8},"end":{"line":2310,"column":14}},"549":{"start":{"line":2296,"column":28},"end":{"line":2296,"column":32}},"550":{"start":{"line":2298,"column":43},"end":{"line":2298,"column":61}},"551":{"start":{"line":2299,"column":16},"end":{"line":2309,"column":19}},"552":{"start":{"line":2300,"column":50},"end":{"line":2307,"column":21}},"553":{"start":{"line":2308,"column":20},"end":{"line":2308,"column":126}},"554":{"start":{"line":2316,"column":8},"end":{"line":2345,"column":14}},"555":{"start":{"line":2322,"column":28},"end":{"line":2322,"column":32}},"556":{"start":{"line":2323,"column":16},"end":{"line":2344,"column":17}},"557":{"start":{"line":2325,"column":47},"end":{"line":2325,"column":65}},"558":{"start":{"line":2326,"column":20},"end":{"line":2340,"column":23}},"559":{"start":{"line":2327,"column":54},"end":{"line":2334,"column":25}},"560":{"start":{"line":2335,"column":24},"end":{"line":2335,"column":130}},"561":{"start":{"line":2337,"column":24},"end":{"line":2339,"column":28}},"562":{"start":{"line":2338,"column":28},"end":{"line":2338,"column":84}},"563":{"start":{"line":2343,"column":20},"end":{"line":2343,"column":45}},"564":{"start":{"line":2351,"column":8},"end":{"line":2383,"column":14}},"565":{"start":{"line":2357,"column":28},"end":{"line":2357,"column":32}},"566":{"start":{"line":2358,"column":16},"end":{"line":2382,"column":17}},"567":{"start":{"line":2360,"column":52},"end":{"line":2360,"column":92}},"568":{"start":{"line":2362,"column":47},"end":{"line":2362,"column":65}},"569":{"start":{"line":2363,"column":20},"end":{"line":2378,"column":23}},"570":{"start":{"line":2364,"column":54},"end":{"line":2371,"column":25}},"571":{"start":{"line":2372,"column":24},"end":{"line":2372,"column":130}},"572":{"start":{"line":2374,"column":24},"end":{"line":2377,"column":28}},"573":{"start":{"line":2376,"column":28},"end":{"line":2376,"column":110}},"574":{"start":{"line":2381,"column":20},"end":{"line":2381,"column":45}},"575":{"start":{"line":2384,"column":8},"end":{"line":2384,"column":29}},"576":{"start":{"line":2391,"column":33},"end":{"line":2391,"column":59}},"577":{"start":{"line":2397,"column":36},"end":{"line":2434,"column":7}},"578":{"start":{"line":2404,"column":12},"end":{"line":2404,"column":31}},"579":{"start":{"line":2405,"column":12},"end":{"line":2405,"column":33}},"580":{"start":{"line":2412,"column":8},"end":{"line":2419,"column":14}},"581":{"start":{"line":2418,"column":16},"end":{"line":2418,"column":82}},"582":{"start":{"line":2425,"column":8},"end":{"line":2432,"column":14}},"583":{"start":{"line":2431,"column":16},"end":{"line":2431,"column":82}},"584":{"start":{"line":2433,"column":8},"end":{"line":2433,"column":40}},"585":{"start":{"line":2445,"column":38},"end":{"line":2483,"column":7}},"586":{"start":{"line":2451,"column":12},"end":{"line":2453,"column":13}},"587":{"start":{"line":2452,"column":16},"end":{"line":2452,"column":60}},"588":{"start":{"line":2454,"column":12},"end":{"line":2454,"column":97}},"589":{"start":{"line":2461,"column":8},"end":{"line":2468,"column":14}},"590":{"start":{"line":2467,"column":16},"end":{"line":2467,"column":60}},"591":{"start":{"line":2474,"column":8},"end":{"line":2481,"column":14}},"592":{"start":{"line":2480,"column":16},"end":{"line":2480,"column":60}},"593":{"start":{"line":2482,"column":8},"end":{"line":2482,"column":42}},"594":{"start":{"line":2489,"column":34},"end":{"line":2489,"column":62}},"595":{"start":{"line":2495,"column":49},"end":{"line":2580,"column":7}},"596":{"start":{"line":2501,"column":12},"end":{"line":2503,"column":13}},"597":{"start":{"line":2502,"column":16},"end":{"line":2502,"column":82}},"598":{"start":{"line":2505,"column":42},"end":{"line":2505,"column":72}},"599":{"start":{"line":2506,"column":46},"end":{"line":2506,"column":95}},"600":{"start":{"line":2507,"column":12},"end":{"line":2507,"column":56}},"601":{"start":{"line":2516,"column":8},"end":{"line":2526,"column":14}},"602":{"start":{"line":2524,"column":49},"end":{"line":2524,"column":71}},"603":{"start":{"line":2525,"column":16},"end":{"line":2525,"column":69}},"604":{"start":{"line":2532,"column":8},"end":{"line":2539,"column":14}},"605":{"start":{"line":2538,"column":16},"end":{"line":2538,"column":54}},"606":{"start":{"line":2545,"column":8},"end":{"line":2552,"column":14}},"607":{"start":{"line":2551,"column":16},"end":{"line":2551,"column":43}},"608":{"start":{"line":2558,"column":8},"end":{"line":2565,"column":14}},"609":{"start":{"line":2564,"column":16},"end":{"line":2564,"column":60}},"610":{"start":{"line":2571,"column":8},"end":{"line":2578,"column":14}},"611":{"start":{"line":2577,"column":16},"end":{"line":2577,"column":60}},"612":{"start":{"line":2579,"column":8},"end":{"line":2579,"column":53}},"613":{"start":{"line":2587,"column":22},"end":{"line":2590,"column":5}},"614":{"start":{"line":2601,"column":19},"end":{"line":2610,"column":7}},"615":{"start":{"line":2607,"column":12},"end":{"line":2607,"column":29}},"616":{"start":{"line":2609,"column":8},"end":{"line":2609,"column":23}},"617":{"start":{"line":2617,"column":32},"end":{"line":2621,"column":5}},"618":{"start":{"line":2622,"column":4},"end":{"line":2622,"column":75}},"619":{"start":{"line":2623,"column":4},"end":{"line":2623,"column":73}},"620":{"start":{"line":2624,"column":4},"end":{"line":2624,"column":67}},"621":{"start":{"line":2630,"column":29},"end":{"line":2648,"column":7}},"622":{"start":{"line":2641,"column":12},"end":{"line":2641,"column":29}},"623":{"start":{"line":2642,"column":12},"end":{"line":2642,"column":29}},"624":{"start":{"line":2643,"column":12},"end":{"line":2643,"column":35}},"625":{"start":{"line":2644,"column":12},"end":{"line":2644,"column":51}},"626":{"start":{"line":2645,"column":12},"end":{"line":2645,"column":61}},"627":{"start":{"line":2647,"column":8},"end":{"line":2647,"column":33}},"628":{"start":{"line":2655,"column":24},"end":{"line":2659,"column":5}},"629":{"start":{"line":2671,"column":4},"end":{"line":2671,"column":56}},"630":{"start":{"line":2672,"column":4},"end":{"line":2672,"column":58}},"631":{"start":{"line":2673,"column":4},"end":{"line":2673,"column":54}},"632":{"start":{"line":2674,"column":4},"end":{"line":2674,"column":58}},"633":{"start":{"line":2675,"column":4},"end":{"line":2675,"column":80}},"634":{"start":{"line":2676,"column":4},"end":{"line":2676,"column":50}},"635":{"start":{"line":2677,"column":4},"end":{"line":2677,"column":54}},"636":{"start":{"line":2678,"column":4},"end":{"line":2678,"column":42}},"637":{"start":{"line":2679,"column":4},"end":{"line":2679,"column":64}},"638":{"start":{"line":2680,"column":4},"end":{"line":2680,"column":68}},"639":{"start":{"line":2681,"column":4},"end":{"line":2681,"column":90}},"640":{"start":{"line":2682,"column":4},"end":{"line":2682,"column":54}},"641":{"start":{"line":2683,"column":4},"end":{"line":2683,"column":38}},"642":{"start":{"line":2684,"column":4},"end":{"line":2684,"column":30}},"643":{"start":{"line":2685,"column":4},"end":{"line":2685,"column":58}},"644":{"start":{"line":2686,"column":4},"end":{"line":2686,"column":50}},"645":{"start":{"line":2687,"column":4},"end":{"line":2687,"column":42}},"646":{"start":{"line":2688,"column":4},"end":{"line":2688,"column":64}},"647":{"start":{"line":2689,"column":4},"end":{"line":2689,"column":30}},"648":{"start":{"line":2691,"column":4},"end":{"line":2691,"column":66}}},"fnMap":{"0":{"name":"(anonymous_0)","decl":{"start":{"line":1,"column":1},"end":{"line":1,"column":2}},"loc":{"start":{"line":1,"column":28},"end":{"line":5,"column":1}},"line":1},"1":{"name":"(anonymous_1)","decl":{"start":{"line":5,"column":9},"end":{"line":5,"column":10}},"loc":{"start":{"line":5,"column":106},"end":{"line":2693,"column":1}},"line":5},"2":{"name":"(anonymous_2)","decl":{"start":{"line":23,"column":32},"end":{"line":23,"column":33}},"loc":{"start":{"line":23,"column":44},"end":{"line":340,"column":5}},"line":23},"3":{"name":"RemoteAccountService","decl":{"start":{"line":29,"column":17},"end":{"line":29,"column":37}},"loc":{"start":{"line":29,"column":53},"end":{"line":38,"column":9}},"line":29},"4":{"name":"(anonymous_4)","decl":{"start":{"line":65,"column":12},"end":{"line":65,"column":13}},"loc":{"start":{"line":65,"column":30},"end":{"line":83,"column":13}},"line":65},"5":{"name":"(anonymous_5)","decl":{"start":{"line":110,"column":12},"end":{"line":110,"column":13}},"loc":{"start":{"line":110,"column":30},"end":{"line":129,"column":13}},"line":110},"6":{"name":"(anonymous_6)","decl":{"start":{"line":156,"column":12},"end":{"line":156,"column":13}},"loc":{"start":{"line":156,"column":30},"end":{"line":175,"column":13}},"line":156},"7":{"name":"(anonymous_7)","decl":{"start":{"line":202,"column":12},"end":{"line":202,"column":13}},"loc":{"start":{"line":202,"column":30},"end":{"line":221,"column":13}},"line":202},"8":{"name":"(anonymous_8)","decl":{"start":{"line":252,"column":12},"end":{"line":252,"column":13}},"loc":{"start":{"line":252,"column":46},"end":{"line":279,"column":13}},"line":252},"9":{"name":"(anonymous_9)","decl":{"start":{"line":306,"column":12},"end":{"line":306,"column":13}},"loc":{"start":{"line":306,"column":30},"end":{"line":325,"column":13}},"line":306},"10":{"name":"(anonymous_10)","decl":{"start":{"line":332,"column":46},"end":{"line":332,"column":47}},"loc":{"start":{"line":332,"column":58},"end":{"line":337,"column":9}},"line":332},"11":{"name":"RemoteAccountService_Factory","decl":{"start":{"line":338,"column":106},"end":{"line":338,"column":134}},"loc":{"start":{"line":338,"column":137},"end":{"line":338,"column":239}},"line":338},"12":{"name":"(anonymous_12)","decl":{"start":{"line":349,"column":33},"end":{"line":349,"column":34}},"loc":{"start":{"line":349,"column":45},"end":{"line":429,"column":5}},"line":349},"13":{"name":"RemoteDataHashService","decl":{"start":{"line":355,"column":17},"end":{"line":355,"column":38}},"loc":{"start":{"line":355,"column":54},"end":{"line":364,"column":9}},"line":355},"14":{"name":"(anonymous_14)","decl":{"start":{"line":391,"column":12},"end":{"line":391,"column":13}},"loc":{"start":{"line":391,"column":28},"end":{"line":414,"column":13}},"line":391},"15":{"name":"(anonymous_15)","decl":{"start":{"line":421,"column":47},"end":{"line":421,"column":48}},"loc":{"start":{"line":421,"column":59},"end":{"line":426,"column":9}},"line":421},"16":{"name":"RemoteDataHashService_Factory","decl":{"start":{"line":427,"column":107},"end":{"line":427,"column":136}},"loc":{"start":{"line":427,"column":139},"end":{"line":427,"column":242}},"line":427},"17":{"name":"(anonymous_17)","decl":{"start":{"line":442,"column":31},"end":{"line":442,"column":32}},"loc":{"start":{"line":442,"column":43},"end":{"line":712,"column":5}},"line":442},"18":{"name":"ResourceHashMessage","decl":{"start":{"line":443,"column":17},"end":{"line":443,"column":36}},"loc":{"start":{"line":443,"column":39},"end":{"line":446,"column":9}},"line":443},"19":{"name":"(anonymous_19)","decl":{"start":{"line":457,"column":12},"end":{"line":457,"column":13}},"loc":{"start":{"line":457,"column":29},"end":{"line":461,"column":13}},"line":457},"20":{"name":"(anonymous_20)","decl":{"start":{"line":473,"column":12},"end":{"line":473,"column":13}},"loc":{"start":{"line":473,"column":31},"end":{"line":475,"column":13}},"line":473},"21":{"name":"(anonymous_21)","decl":{"start":{"line":484,"column":12},"end":{"line":484,"column":13}},"loc":{"start":{"line":484,"column":40},"end":{"line":489,"column":13}},"line":484},"22":{"name":"(anonymous_22)","decl":{"start":{"line":498,"column":12},"end":{"line":498,"column":13}},"loc":{"start":{"line":498,"column":40},"end":{"line":501,"column":13}},"line":498},"23":{"name":"(anonymous_23)","decl":{"start":{"line":510,"column":12},"end":{"line":510,"column":13}},"loc":{"start":{"line":510,"column":40},"end":{"line":513,"column":13}},"line":510},"24":{"name":"(anonymous_24)","decl":{"start":{"line":522,"column":12},"end":{"line":522,"column":13}},"loc":{"start":{"line":522,"column":40},"end":{"line":525,"column":13}},"line":522},"25":{"name":"(anonymous_25)","decl":{"start":{"line":534,"column":12},"end":{"line":534,"column":13}},"loc":{"start":{"line":534,"column":40},"end":{"line":537,"column":13}},"line":534},"26":{"name":"(anonymous_26)","decl":{"start":{"line":544,"column":12},"end":{"line":544,"column":13}},"loc":{"start":{"line":544,"column":24},"end":{"line":547,"column":13}},"line":544},"27":{"name":"(anonymous_27)","decl":{"start":{"line":554,"column":12},"end":{"line":554,"column":13}},"loc":{"start":{"line":554,"column":24},"end":{"line":557,"column":13}},"line":554},"28":{"name":"(anonymous_28)","decl":{"start":{"line":566,"column":12},"end":{"line":566,"column":13}},"loc":{"start":{"line":566,"column":40},"end":{"line":569,"column":13}},"line":566},"29":{"name":"(anonymous_29)","decl":{"start":{"line":578,"column":12},"end":{"line":578,"column":13}},"loc":{"start":{"line":578,"column":31},"end":{"line":580,"column":13}},"line":578},"30":{"name":"(anonymous_30)","decl":{"start":{"line":591,"column":12},"end":{"line":591,"column":13}},"loc":{"start":{"line":591,"column":45},"end":{"line":593,"column":13}},"line":591},"31":{"name":"(anonymous_31)","decl":{"start":{"line":604,"column":12},"end":{"line":604,"column":13}},"loc":{"start":{"line":604,"column":43},"end":{"line":606,"column":13}},"line":604},"32":{"name":"(anonymous_32)","decl":{"start":{"line":617,"column":12},"end":{"line":617,"column":13}},"loc":{"start":{"line":617,"column":47},"end":{"line":619,"column":13}},"line":617},"33":{"name":"(anonymous_33)","decl":{"start":{"line":630,"column":12},"end":{"line":630,"column":13}},"loc":{"start":{"line":630,"column":47},"end":{"line":632,"column":13}},"line":630},"34":{"name":"(anonymous_34)","decl":{"start":{"line":643,"column":12},"end":{"line":643,"column":13}},"loc":{"start":{"line":643,"column":43},"end":{"line":645,"column":13}},"line":643},"35":{"name":"(anonymous_35)","decl":{"start":{"line":656,"column":12},"end":{"line":656,"column":13}},"loc":{"start":{"line":656,"column":37},"end":{"line":658,"column":13}},"line":656},"36":{"name":"(anonymous_36)","decl":{"start":{"line":669,"column":12},"end":{"line":669,"column":13}},"loc":{"start":{"line":669,"column":42},"end":{"line":671,"column":13}},"line":669},"37":{"name":"(anonymous_37)","decl":{"start":{"line":682,"column":12},"end":{"line":682,"column":13}},"loc":{"start":{"line":682,"column":43},"end":{"line":684,"column":13}},"line":682},"38":{"name":"(anonymous_38)","decl":{"start":{"line":694,"column":12},"end":{"line":694,"column":13}},"loc":{"start":{"line":694,"column":31},"end":{"line":697,"column":13}},"line":694},"39":{"name":"(anonymous_39)","decl":{"start":{"line":708,"column":12},"end":{"line":708,"column":13}},"loc":{"start":{"line":708,"column":39},"end":{"line":710,"column":13}},"line":708},"40":{"name":"(anonymous_40)","decl":{"start":{"line":729,"column":24},"end":{"line":729,"column":25}},"loc":{"start":{"line":729,"column":40},"end":{"line":736,"column":5}},"line":729},"41":{"name":"(anonymous_41)","decl":{"start":{"line":731,"column":51},"end":{"line":731,"column":52}},"loc":{"start":{"line":731,"column":67},"end":{"line":731,"column":87}},"line":731},"42":{"name":"(anonymous_42)","decl":{"start":{"line":732,"column":12},"end":{"line":732,"column":13}},"loc":{"start":{"line":732,"column":28},"end":{"line":734,"column":34}},"line":732},"43":{"name":"__extends","decl":{"start":{"line":737,"column":13},"end":{"line":737,"column":22}},"loc":{"start":{"line":737,"column":29},"end":{"line":741,"column":5}},"line":737},"44":{"name":"__","decl":{"start":{"line":739,"column":17},"end":{"line":739,"column":19}},"loc":{"start":{"line":739,"column":22},"end":{"line":739,"column":47}},"line":739},"45":{"name":"(anonymous_45)","decl":{"start":{"line":756,"column":29},"end":{"line":756,"column":30}},"loc":{"start":{"line":756,"column":47},"end":{"line":790,"column":5}},"line":756},"46":{"name":"CustomHttpEncoder","decl":{"start":{"line":758,"column":17},"end":{"line":758,"column":34}},"loc":{"start":{"line":758,"column":37},"end":{"line":760,"column":9}},"line":758},"47":{"name":"(anonymous_47)","decl":{"start":{"line":771,"column":12},"end":{"line":771,"column":13}},"loc":{"start":{"line":771,"column":25},"end":{"line":774,"column":13}},"line":771},"48":{"name":"(anonymous_48)","decl":{"start":{"line":785,"column":12},"end":{"line":785,"column":13}},"loc":{"start":{"line":785,"column":25},"end":{"line":788,"column":13}},"line":785},"49":{"name":"(anonymous_49)","decl":{"start":{"line":796,"column":19},"end":{"line":796,"column":20}},"loc":{"start":{"line":796,"column":31},"end":{"line":847,"column":5}},"line":796},"50":{"name":"Helpers","decl":{"start":{"line":797,"column":17},"end":{"line":797,"column":24}},"loc":{"start":{"line":797,"column":27},"end":{"line":798,"column":9}},"line":797},"51":{"name":"(anonymous_51)","decl":{"start":{"line":809,"column":12},"end":{"line":809,"column":13}},"loc":{"start":{"line":809,"column":29},"end":{"line":823,"column":13}},"line":809},"52":{"name":"(anonymous_52)","decl":{"start":{"line":834,"column":12},"end":{"line":834,"column":13}},"loc":{"start":{"line":834,"column":27},"end":{"line":845,"column":13}},"line":834},"53":{"name":"(anonymous_53)","decl":{"start":{"line":856,"column":31},"end":{"line":856,"column":32}},"loc":{"start":{"line":856,"column":43},"end":{"line":1266,"column":5}},"line":856},"54":{"name":"RemoteUploadService","decl":{"start":{"line":862,"column":17},"end":{"line":862,"column":36}},"loc":{"start":{"line":862,"column":52},"end":{"line":868,"column":9}},"line":862},"55":{"name":"(anonymous_55)","decl":{"start":{"line":891,"column":12},"end":{"line":891,"column":13}},"loc":{"start":{"line":891,"column":31},"end":{"line":934,"column":13}},"line":891},"56":{"name":"(anonymous_56)","decl":{"start":{"line":923,"column":38},"end":{"line":923,"column":39}},"loc":{"start":{"line":923,"column":53},"end":{"line":933,"column":17}},"line":923},"57":{"name":"(anonymous_57)","decl":{"start":{"line":957,"column":12},"end":{"line":957,"column":13}},"loc":{"start":{"line":957,"column":31},"end":{"line":996,"column":13}},"line":957},"58":{"name":"(anonymous_58)","decl":{"start":{"line":985,"column":38},"end":{"line":985,"column":39}},"loc":{"start":{"line":985,"column":53},"end":{"line":995,"column":17}},"line":985},"59":{"name":"(anonymous_59)","decl":{"start":{"line":1021,"column":12},"end":{"line":1021,"column":13}},"loc":{"start":{"line":1021,"column":31},"end":{"line":1060,"column":13}},"line":1021},"60":{"name":"(anonymous_60)","decl":{"start":{"line":1049,"column":38},"end":{"line":1049,"column":39}},"loc":{"start":{"line":1049,"column":53},"end":{"line":1059,"column":17}},"line":1049},"61":{"name":"(anonymous_61)","decl":{"start":{"line":1089,"column":12},"end":{"line":1089,"column":13}},"loc":{"start":{"line":1089,"column":59},"end":{"line":1127,"column":13}},"line":1089},"62":{"name":"(anonymous_62)","decl":{"start":{"line":1160,"column":12},"end":{"line":1160,"column":13}},"loc":{"start":{"line":1160,"column":76},"end":{"line":1206,"column":13}},"line":1160},"63":{"name":"(anonymous_63)","decl":{"start":{"line":1229,"column":12},"end":{"line":1229,"column":13}},"loc":{"start":{"line":1229,"column":33},"end":{"line":1251,"column":13}},"line":1229},"64":{"name":"(anonymous_64)","decl":{"start":{"line":1258,"column":45},"end":{"line":1258,"column":46}},"loc":{"start":{"line":1258,"column":57},"end":{"line":1263,"column":9}},"line":1258},"65":{"name":"RemoteUploadService_Factory","decl":{"start":{"line":1264,"column":105},"end":{"line":1264,"column":132}},"loc":{"start":{"line":1264,"column":135},"end":{"line":1264,"column":236}},"line":1264},"66":{"name":"(anonymous_66)","decl":{"start":{"line":1275,"column":33},"end":{"line":1275,"column":34}},"loc":{"start":{"line":1275,"column":45},"end":{"line":1657,"column":5}},"line":1275},"67":{"name":"RemoteDownloadService","decl":{"start":{"line":1281,"column":17},"end":{"line":1281,"column":38}},"loc":{"start":{"line":1281,"column":54},"end":{"line":1290,"column":9}},"line":1281},"68":{"name":"(anonymous_68)","decl":{"start":{"line":1321,"column":12},"end":{"line":1321,"column":13}},"loc":{"start":{"line":1321,"column":42},"end":{"line":1350,"column":13}},"line":1321},"69":{"name":"(anonymous_69)","decl":{"start":{"line":1381,"column":12},"end":{"line":1381,"column":13}},"loc":{"start":{"line":1381,"column":42},"end":{"line":1410,"column":13}},"line":1381},"70":{"name":"(anonymous_70)","decl":{"start":{"line":1441,"column":12},"end":{"line":1441,"column":13}},"loc":{"start":{"line":1441,"column":49},"end":{"line":1474,"column":13}},"line":1441},"71":{"name":"(anonymous_71)","decl":{"start":{"line":1505,"column":12},"end":{"line":1505,"column":13}},"loc":{"start":{"line":1505,"column":49},"end":{"line":1538,"column":13}},"line":1505},"72":{"name":"(anonymous_72)","decl":{"start":{"line":1565,"column":12},"end":{"line":1565,"column":13}},"loc":{"start":{"line":1565,"column":31},"end":{"line":1586,"column":13}},"line":1565},"73":{"name":"(anonymous_73)","decl":{"start":{"line":1613,"column":12},"end":{"line":1613,"column":13}},"loc":{"start":{"line":1613,"column":32},"end":{"line":1642,"column":13}},"line":1613},"74":{"name":"(anonymous_74)","decl":{"start":{"line":1649,"column":47},"end":{"line":1649,"column":48}},"loc":{"start":{"line":1649,"column":59},"end":{"line":1654,"column":9}},"line":1649},"75":{"name":"RemoteDownloadService_Factory","decl":{"start":{"line":1655,"column":107},"end":{"line":1655,"column":136}},"loc":{"start":{"line":1655,"column":139},"end":{"line":1655,"column":242}},"line":1655},"76":{"name":"(anonymous_76)","decl":{"start":{"line":1666,"column":29},"end":{"line":1666,"column":30}},"loc":{"start":{"line":1666,"column":41},"end":{"line":1890,"column":5}},"line":1666},"77":{"name":"RemoteNodeService","decl":{"start":{"line":1672,"column":17},"end":{"line":1672,"column":34}},"loc":{"start":{"line":1672,"column":50},"end":{"line":1681,"column":9}},"line":1672},"78":{"name":"(anonymous_78)","decl":{"start":{"line":1702,"column":12},"end":{"line":1702,"column":13}},"loc":{"start":{"line":1702,"column":24},"end":{"line":1716,"column":13}},"line":1702},"79":{"name":"(anonymous_79)","decl":{"start":{"line":1737,"column":12},"end":{"line":1737,"column":13}},"loc":{"start":{"line":1737,"column":24},"end":{"line":1750,"column":13}},"line":1737},"80":{"name":"(anonymous_80)","decl":{"start":{"line":1771,"column":12},"end":{"line":1771,"column":13}},"loc":{"start":{"line":1771,"column":24},"end":{"line":1784,"column":13}},"line":1771},"81":{"name":"(anonymous_81)","decl":{"start":{"line":1791,"column":12},"end":{"line":1791,"column":13}},"loc":{"start":{"line":1791,"column":24},"end":{"line":1824,"column":13}},"line":1791},"82":{"name":"(anonymous_82)","decl":{"start":{"line":1792,"column":61},"end":{"line":1792,"column":62}},"loc":{"start":{"line":1792,"column":81},"end":{"line":1823,"column":17}},"line":1792},"83":{"name":"(anonymous_83)","decl":{"start":{"line":1851,"column":12},"end":{"line":1851,"column":13}},"loc":{"start":{"line":1851,"column":45},"end":{"line":1875,"column":13}},"line":1851},"84":{"name":"(anonymous_84)","decl":{"start":{"line":1882,"column":43},"end":{"line":1882,"column":44}},"loc":{"start":{"line":1882,"column":55},"end":{"line":1887,"column":9}},"line":1882},"85":{"name":"RemoteNodeService_Factory","decl":{"start":{"line":1888,"column":103},"end":{"line":1888,"column":128}},"loc":{"start":{"line":1888,"column":131},"end":{"line":1888,"column":230}},"line":1888},"86":{"name":"(anonymous_86)","decl":{"start":{"line":1900,"column":44},"end":{"line":1900,"column":45}},"loc":{"start":{"line":1900,"column":56},"end":{"line":2073,"column":5}},"line":1900},"87":{"name":"RemoteTransactionAnnounceService","decl":{"start":{"line":1906,"column":17},"end":{"line":1906,"column":49}},"loc":{"start":{"line":1906,"column":65},"end":{"line":1915,"column":9}},"line":1906},"88":{"name":"(anonymous_88)","decl":{"start":{"line":1926,"column":12},"end":{"line":1926,"column":13}},"loc":{"start":{"line":1926,"column":31},"end":{"line":1946,"column":13}},"line":1926},"89":{"name":"(anonymous_89)","decl":{"start":{"line":1933,"column":74},"end":{"line":1933,"column":75}},"loc":{"start":{"line":1933,"column":90},"end":{"line":1945,"column":17}},"line":1933},"90":{"name":"(anonymous_90)","decl":{"start":{"line":1963,"column":12},"end":{"line":1963,"column":13}},"loc":{"start":{"line":1963,"column":52},"end":{"line":2030,"column":13}},"line":1963},"91":{"name":"(anonymous_91)","decl":{"start":{"line":2009,"column":125},"end":{"line":2009,"column":126}},"loc":{"start":{"line":2009,"column":145},"end":{"line":2029,"column":17}},"line":2009},"92":{"name":"(anonymous_92)","decl":{"start":{"line":2043,"column":12},"end":{"line":2043,"column":13}},"loc":{"start":{"line":2043,"column":28},"end":{"line":2058,"column":13}},"line":2043},"93":{"name":"(anonymous_93)","decl":{"start":{"line":2065,"column":58},"end":{"line":2065,"column":59}},"loc":{"start":{"line":2065,"column":70},"end":{"line":2070,"column":9}},"line":2065},"94":{"name":"RemoteTransactionAnnounceService_Factory","decl":{"start":{"line":2071,"column":118},"end":{"line":2071,"column":158}},"loc":{"start":{"line":2071,"column":161},"end":{"line":2071,"column":275}},"line":2071},"95":{"name":"(anonymous_95)","decl":{"start":{"line":2082,"column":31},"end":{"line":2082,"column":32}},"loc":{"start":{"line":2082,"column":43},"end":{"line":2246,"column":5}},"line":2082},"96":{"name":"RemoteSearchService","decl":{"start":{"line":2088,"column":17},"end":{"line":2088,"column":36}},"loc":{"start":{"line":2088,"column":52},"end":{"line":2097,"column":9}},"line":2088},"97":{"name":"(anonymous_97)","decl":{"start":{"line":2120,"column":12},"end":{"line":2120,"column":13}},"loc":{"start":{"line":2120,"column":40},"end":{"line":2139,"column":13}},"line":2120},"98":{"name":"(anonymous_98)","decl":{"start":{"line":2162,"column":12},"end":{"line":2162,"column":13}},"loc":{"start":{"line":2162,"column":36},"end":{"line":2181,"column":13}},"line":2162},"99":{"name":"(anonymous_99)","decl":{"start":{"line":2206,"column":12},"end":{"line":2206,"column":13}},"loc":{"start":{"line":2206,"column":42},"end":{"line":2231,"column":13}},"line":2206},"100":{"name":"(anonymous_100)","decl":{"start":{"line":2238,"column":45},"end":{"line":2238,"column":46}},"loc":{"start":{"line":2238,"column":57},"end":{"line":2243,"column":9}},"line":2238},"101":{"name":"RemoteSearchService_Factory","decl":{"start":{"line":2244,"column":105},"end":{"line":2244,"column":132}},"loc":{"start":{"line":2244,"column":135},"end":{"line":2244,"column":236}},"line":2244},"102":{"name":"(anonymous_102)","decl":{"start":{"line":2257,"column":25},"end":{"line":2257,"column":26}},"loc":{"start":{"line":2257,"column":37},"end":{"line":2385,"column":5}},"line":2257},"103":{"name":"SecuredCipher","decl":{"start":{"line":2262,"column":17},"end":{"line":2262,"column":30}},"loc":{"start":{"line":2262,"column":39},"end":{"line":2284,"column":9}},"line":2262},"104":{"name":"(anonymous_104)","decl":{"start":{"line":2295,"column":12},"end":{"line":2295,"column":13}},"loc":{"start":{"line":2295,"column":34},"end":{"line":2310,"column":13}},"line":2295},"105":{"name":"(anonymous_105)","decl":{"start":{"line":2299,"column":99},"end":{"line":2299,"column":100}},"loc":{"start":{"line":2299,"column":118},"end":{"line":2309,"column":17}},"line":2299},"106":{"name":"(anonymous_106)","decl":{"start":{"line":2321,"column":12},"end":{"line":2321,"column":13}},"loc":{"start":{"line":2321,"column":28},"end":{"line":2345,"column":13}},"line":2321},"107":{"name":"(anonymous_107)","decl":{"start":{"line":2326,"column":103},"end":{"line":2326,"column":104}},"loc":{"start":{"line":2326,"column":122},"end":{"line":2336,"column":21}},"line":2326},"108":{"name":"(anonymous_108)","decl":{"start":{"line":2336,"column":28},"end":{"line":2336,"column":29}},"loc":{"start":{"line":2336,"column":43},"end":{"line":2340,"column":21}},"line":2336},"109":{"name":"(anonymous_109)","decl":{"start":{"line":2337,"column":170},"end":{"line":2337,"column":171}},"loc":{"start":{"line":2337,"column":194},"end":{"line":2339,"column":25}},"line":2337},"110":{"name":"(anonymous_110)","decl":{"start":{"line":2356,"column":12},"end":{"line":2356,"column":13}},"loc":{"start":{"line":2356,"column":28},"end":{"line":2383,"column":13}},"line":2356},"111":{"name":"(anonymous_111)","decl":{"start":{"line":2363,"column":103},"end":{"line":2363,"column":104}},"loc":{"start":{"line":2363,"column":122},"end":{"line":2373,"column":21}},"line":2363},"112":{"name":"(anonymous_112)","decl":{"start":{"line":2373,"column":28},"end":{"line":2373,"column":29}},"loc":{"start":{"line":2373,"column":43},"end":{"line":2378,"column":21}},"line":2373},"113":{"name":"(anonymous_113)","decl":{"start":{"line":2374,"column":137},"end":{"line":2374,"column":138}},"loc":{"start":{"line":2374,"column":164},"end":{"line":2377,"column":25}},"line":2374},"114":{"name":"(anonymous_114)","decl":{"start":{"line":2397,"column":36},"end":{"line":2397,"column":37}},"loc":{"start":{"line":2397,"column":48},"end":{"line":2434,"column":5}},"line":2397},"115":{"name":"SecuredWithNemKeyPrivacy","decl":{"start":{"line":2403,"column":17},"end":{"line":2403,"column":41}},"loc":{"start":{"line":2403,"column":57},"end":{"line":2406,"column":9}},"line":2403},"116":{"name":"(anonymous_116)","decl":{"start":{"line":2417,"column":12},"end":{"line":2417,"column":13}},"loc":{"start":{"line":2417,"column":28},"end":{"line":2419,"column":13}},"line":2417},"117":{"name":"(anonymous_117)","decl":{"start":{"line":2430,"column":12},"end":{"line":2430,"column":13}},"loc":{"start":{"line":2430,"column":28},"end":{"line":2432,"column":13}},"line":2430},"118":{"name":"(anonymous_118)","decl":{"start":{"line":2445,"column":38},"end":{"line":2445,"column":39}},"loc":{"start":{"line":2445,"column":50},"end":{"line":2483,"column":5}},"line":2445},"119":{"name":"SecuredWithPasswordPrivacy","decl":{"start":{"line":2450,"column":17},"end":{"line":2450,"column":43}},"loc":{"start":{"line":2450,"column":54},"end":{"line":2455,"column":9}},"line":2450},"120":{"name":"(anonymous_120)","decl":{"start":{"line":2466,"column":12},"end":{"line":2466,"column":13}},"loc":{"start":{"line":2466,"column":28},"end":{"line":2468,"column":13}},"line":2466},"121":{"name":"(anonymous_121)","decl":{"start":{"line":2479,"column":12},"end":{"line":2479,"column":13}},"loc":{"start":{"line":2479,"column":28},"end":{"line":2481,"column":13}},"line":2479},"122":{"name":"(anonymous_122)","decl":{"start":{"line":2495,"column":49},"end":{"line":2495,"column":50}},"loc":{"start":{"line":2495,"column":61},"end":{"line":2580,"column":5}},"line":2495},"123":{"name":"SecuredWithShamirSecretSharingPrivacy","decl":{"start":{"line":2500,"column":17},"end":{"line":2500,"column":54}},"loc":{"start":{"line":2500,"column":71},"end":{"line":2508,"column":9}},"line":2500},"124":{"name":"(anonymous_124)","decl":{"start":{"line":2523,"column":12},"end":{"line":2523,"column":13}},"loc":{"start":{"line":2523,"column":52},"end":{"line":2526,"column":13}},"line":2523},"125":{"name":"(anonymous_125)","decl":{"start":{"line":2537,"column":12},"end":{"line":2537,"column":13}},"loc":{"start":{"line":2537,"column":38},"end":{"line":2539,"column":13}},"line":2537},"126":{"name":"(anonymous_126)","decl":{"start":{"line":2550,"column":12},"end":{"line":2550,"column":13}},"loc":{"start":{"line":2550,"column":27},"end":{"line":2552,"column":13}},"line":2550},"127":{"name":"(anonymous_127)","decl":{"start":{"line":2563,"column":12},"end":{"line":2563,"column":13}},"loc":{"start":{"line":2563,"column":28},"end":{"line":2565,"column":13}},"line":2563},"128":{"name":"(anonymous_128)","decl":{"start":{"line":2576,"column":12},"end":{"line":2576,"column":13}},"loc":{"start":{"line":2576,"column":28},"end":{"line":2578,"column":13}},"line":2576},"129":{"name":"(anonymous_129)","decl":{"start":{"line":2601,"column":19},"end":{"line":2601,"column":20}},"loc":{"start":{"line":2601,"column":31},"end":{"line":2610,"column":5}},"line":2601},"130":{"name":"NemHash","decl":{"start":{"line":2606,"column":17},"end":{"line":2606,"column":24}},"loc":{"start":{"line":2606,"column":31},"end":{"line":2608,"column":9}},"line":2606},"131":{"name":"(anonymous_131)","decl":{"start":{"line":2630,"column":29},"end":{"line":2630,"column":30}},"loc":{"start":{"line":2630,"column":41},"end":{"line":2648,"column":5}},"line":2630},"132":{"name":"NemAnnounceResult","decl":{"start":{"line":2640,"column":17},"end":{"line":2640,"column":34}},"loc":{"start":{"line":2640,"column":95},"end":{"line":2646,"column":9}},"line":2640}},"branchMap":{"0":{"loc":{"start":{"line":2,"column":4},"end":{"line":4,"column":144}},"type":"cond-expr","locations":[{"start":{"line":2,"column":67},"end":{"line":2,"column":284}},{"start":{"line":3,"column":4},"end":{"line":4,"column":144}}],"line":2},"1":{"loc":{"start":{"line":2,"column":4},"end":{"line":2,"column":64}},"type":"binary-expr","locations":[{"start":{"line":2,"column":4},"end":{"line":2,"column":31}},{"start":{"line":2,"column":35},"end":{"line":2,"column":64}}],"line":2},"2":{"loc":{"start":{"line":3,"column":4},"end":{"line":4,"column":144}},"type":"cond-expr","locations":[{"start":{"line":3,"column":49},"end":{"line":3,"column":245}},{"start":{"line":4,"column":5},"end":{"line":4,"column":143}}],"line":3},"3":{"loc":{"start":{"line":3,"column":4},"end":{"line":3,"column":46}},"type":"binary-expr","locations":[{"start":{"line":3,"column":4},"end":{"line":3,"column":32}},{"start":{"line":3,"column":36},"end":{"line":3,"column":46}}],"line":3},"4":{"loc":{"start":{"line":35,"column":12},"end":{"line":37,"column":13}},"type":"if","locations":[{"start":{"line":35,"column":12},"end":{"line":37,"column":13}},{"start":{"line":35,"column":12},"end":{"line":37,"column":13}}],"line":35},"5":{"loc":{"start":{"line":69,"column":16},"end":{"line":71,"column":17}},"type":"if","locations":[{"start":{"line":69,"column":16},"end":{"line":71,"column":17}},{"start":{"line":69,"column":16},"end":{"line":71,"column":17}}],"line":69},"6":{"loc":{"start":{"line":69,"column":20},"end":{"line":69,"column":59}},"type":"binary-expr","locations":[{"start":{"line":69,"column":20},"end":{"line":69,"column":35}},{"start":{"line":69,"column":39},"end":{"line":69,"column":59}}],"line":69},"7":{"loc":{"start":{"line":115,"column":16},"end":{"line":117,"column":17}},"type":"if","locations":[{"start":{"line":115,"column":16},"end":{"line":117,"column":17}},{"start":{"line":115,"column":16},"end":{"line":117,"column":17}}],"line":115},"8":{"loc":{"start":{"line":115,"column":20},"end":{"line":115,"column":59}},"type":"binary-expr","locations":[{"start":{"line":115,"column":20},"end":{"line":115,"column":35}},{"start":{"line":115,"column":39},"end":{"line":115,"column":59}}],"line":115},"9":{"loc":{"start":{"line":161,"column":16},"end":{"line":163,"column":17}},"type":"if","locations":[{"start":{"line":161,"column":16},"end":{"line":163,"column":17}},{"start":{"line":161,"column":16},"end":{"line":163,"column":17}}],"line":161},"10":{"loc":{"start":{"line":161,"column":20},"end":{"line":161,"column":59}},"type":"binary-expr","locations":[{"start":{"line":161,"column":20},"end":{"line":161,"column":35}},{"start":{"line":161,"column":39},"end":{"line":161,"column":59}}],"line":161},"11":{"loc":{"start":{"line":207,"column":16},"end":{"line":209,"column":17}},"type":"if","locations":[{"start":{"line":207,"column":16},"end":{"line":209,"column":17}},{"start":{"line":207,"column":16},"end":{"line":209,"column":17}}],"line":207},"12":{"loc":{"start":{"line":207,"column":20},"end":{"line":207,"column":59}},"type":"binary-expr","locations":[{"start":{"line":207,"column":20},"end":{"line":207,"column":35}},{"start":{"line":207,"column":39},"end":{"line":207,"column":59}}],"line":207},"13":{"loc":{"start":{"line":257,"column":16},"end":{"line":259,"column":17}},"type":"if","locations":[{"start":{"line":257,"column":16},"end":{"line":259,"column":17}},{"start":{"line":257,"column":16},"end":{"line":259,"column":17}}],"line":257},"14":{"loc":{"start":{"line":257,"column":20},"end":{"line":257,"column":59}},"type":"binary-expr","locations":[{"start":{"line":257,"column":20},"end":{"line":257,"column":35}},{"start":{"line":257,"column":39},"end":{"line":257,"column":59}}],"line":257},"15":{"loc":{"start":{"line":263,"column":16},"end":{"line":265,"column":17}},"type":"if","locations":[{"start":{"line":263,"column":16},"end":{"line":265,"column":17}},{"start":{"line":263,"column":16},"end":{"line":265,"column":17}}],"line":263},"16":{"loc":{"start":{"line":267,"column":16},"end":{"line":269,"column":17}},"type":"if","locations":[{"start":{"line":267,"column":16},"end":{"line":269,"column":17}},{"start":{"line":267,"column":16},"end":{"line":269,"column":17}}],"line":267},"17":{"loc":{"start":{"line":311,"column":16},"end":{"line":313,"column":17}},"type":"if","locations":[{"start":{"line":311,"column":16},"end":{"line":313,"column":17}},{"start":{"line":311,"column":16},"end":{"line":313,"column":17}}],"line":311},"18":{"loc":{"start":{"line":311,"column":20},"end":{"line":311,"column":59}},"type":"binary-expr","locations":[{"start":{"line":311,"column":20},"end":{"line":311,"column":35}},{"start":{"line":311,"column":39},"end":{"line":311,"column":59}}],"line":311},"19":{"loc":{"start":{"line":361,"column":12},"end":{"line":363,"column":13}},"type":"if","locations":[{"start":{"line":361,"column":12},"end":{"line":363,"column":13}},{"start":{"line":361,"column":12},"end":{"line":363,"column":13}}],"line":361},"20":{"loc":{"start":{"line":396,"column":16},"end":{"line":398,"column":17}},"type":"if","locations":[{"start":{"line":396,"column":16},"end":{"line":398,"column":17}},{"start":{"line":396,"column":16},"end":{"line":398,"column":17}}],"line":396},"21":{"loc":{"start":{"line":396,"column":20},"end":{"line":396,"column":55}},"type":"binary-expr","locations":[{"start":{"line":396,"column":20},"end":{"line":396,"column":33}},{"start":{"line":396,"column":37},"end":{"line":396,"column":55}}],"line":396},"22":{"loc":{"start":{"line":474,"column":24},"end":{"line":474,"column":54}},"type":"binary-expr","locations":[{"start":{"line":474,"column":24},"end":{"line":474,"column":27}},{"start":{"line":474,"column":31},"end":{"line":474,"column":54}}],"line":474},"23":{"loc":{"start":{"line":488,"column":23},"end":{"line":488,"column":116}},"type":"cond-expr","locations":[{"start":{"line":488,"column":49},"end":{"line":488,"column":109}},{"start":{"line":488,"column":112},"end":{"line":488,"column":116}}],"line":488},"24":{"loc":{"start":{"line":500,"column":23},"end":{"line":500,"column":116}},"type":"cond-expr","locations":[{"start":{"line":500,"column":49},"end":{"line":500,"column":109}},{"start":{"line":500,"column":112},"end":{"line":500,"column":116}}],"line":500},"25":{"loc":{"start":{"line":512,"column":23},"end":{"line":512,"column":116}},"type":"cond-expr","locations":[{"start":{"line":512,"column":49},"end":{"line":512,"column":109}},{"start":{"line":512,"column":112},"end":{"line":512,"column":116}}],"line":512},"26":{"loc":{"start":{"line":524,"column":23},"end":{"line":524,"column":116}},"type":"cond-expr","locations":[{"start":{"line":524,"column":49},"end":{"line":524,"column":109}},{"start":{"line":524,"column":112},"end":{"line":524,"column":116}}],"line":524},"27":{"loc":{"start":{"line":536,"column":23},"end":{"line":536,"column":116}},"type":"cond-expr","loc
[...]
line":1354,"column":47}}],"line":1354},"70":{"loc":{"start":{"line":1367,"column":8},"end":{"line":1369,"column":9}},"type":"if","locations":[{"start":{"line":1367,"column":8},"end":{"line":1369,"column":9}},{"start":{"line":1367,"column":8},"end":{"line":1369,"column":9}}],"line":1367},"71":{"loc":{"start":{"line":1370,"column":8},"end":{"line":1372,"column":9}},"type":"if","locations":[{"start":{"line":1370,"column":8},"end":{"line":1372,"column":9}},{"start":{"line":1370,"column":8},"end":{"line":1372,"column":9}}],"line":1370},"72":{"loc":{"start":{"line":1414,"column":8},"end":{"line":1416,"column":9}},"type":"if","locations":[{"start":{"line":1414,"column":8},"end":{"line":1416,"column":9}},{"start":{"line":1414,"column":8},"end":{"line":1416,"column":9}}],"line":1414},"73":{"loc":{"start":{"line":1414,"column":12},"end":{"line":1414,"column":49}},"type":"binary-expr","locations":[{"start":{"line":1414,"column":12},"end":{"line":1414,"column":26}},{"start":{"line":1414,"column":30},"end":{"line":1414,"column":49}}],"line":1414},"74":{"loc":{"start":{"line":1417,"column":8},"end":{"line":1419,"column":9}},"type":"if","locations":[{"start":{"line":1417,"column":8},"end":{"line":1419,"column":9}},{"start":{"line":1417,"column":8},"end":{"line":1419,"column":9}}],"line":1417},"75":{"loc":{"start":{"line":1417,"column":12},"end":{"line":1417,"column":47}},"type":"binary-expr","locations":[{"start":{"line":1417,"column":12},"end":{"line":1417,"column":25}},{"start":{"line":1417,"column":29},"end":{"line":1417,"column":47}}],"line":1417},"76":{"loc":{"start":{"line":1431,"column":8},"end":{"line":1433,"column":9}},"type":"if","locations":[{"start":{"line":1431,"column":8},"end":{"line":1433,"column":9}},{"start":{"line":1431,"column":8},"end":{"line":1433,"column":9}}],"line":1431},"77":{"loc":{"start":{"line":1434,"column":8},"end":{"line":1436,"column":9}},"type":"if","locations":[{"start":{"line":1434,"column":8},"end":{"line":1436,"column":9}},{"start":{"line":1434,"column":8},"end":{"line":1436,"column":9}}],"line":1434},"78":{"loc":{"start":{"line":1478,"column":8},"end":{"line":1480,"column":9}},"type":"if","locations":[{"start":{"line":1478,"column":8},"end":{"line":1480,"column":9}},{"start":{"line":1478,"column":8},"end":{"line":1480,"column":9}}],"line":1478},"79":{"loc":{"start":{"line":1478,"column":12},"end":{"line":1478,"column":49}},"type":"binary-expr","locations":[{"start":{"line":1478,"column":12},"end":{"line":1478,"column":26}},{"start":{"line":1478,"column":30},"end":{"line":1478,"column":49}}],"line":1478},"80":{"loc":{"start":{"line":1481,"column":8},"end":{"line":1483,"column":9}},"type":"if","locations":[{"start":{"line":1481,"column":8},"end":{"line":1483,"column":9}},{"start":{"line":1481,"column":8},"end":{"line":1483,"column":9}}],"line":1481},"81":{"loc":{"start":{"line":1481,"column":12},"end":{"line":1481,"column":47}},"type":"binary-expr","locations":[{"start":{"line":1481,"column":12},"end":{"line":1481,"column":25}},{"start":{"line":1481,"column":29},"end":{"line":1481,"column":47}}],"line":1481},"82":{"loc":{"start":{"line":1495,"column":8},"end":{"line":1497,"column":9}},"type":"if","locations":[{"start":{"line":1495,"column":8},"end":{"line":1497,"column":9}},{"start":{"line":1495,"column":8},"end":{"line":1497,"column":9}}],"line":1495},"83":{"loc":{"start":{"line":1498,"column":8},"end":{"line":1500,"column":9}},"type":"if","locations":[{"start":{"line":1498,"column":8},"end":{"line":1500,"column":9}},{"start":{"line":1498,"column":8},"end":{"line":1500,"column":9}}],"line":1498},"84":{"loc":{"start":{"line":1538,"column":8},"end":{"line":1540,"column":9}},"type":"if","locations":[{"start":{"line":1538,"column":8},"end":{"line":1540,"column":9}},{"start":{"line":1538,"column":8},"end":{"line":1540,"column":9}}],"line":1538},"85":{"loc":{"start":{"line":1538,"column":12},"end":{"line":1538,"column":53}},"type":"binary-expr","locations":[{"start":{"line":1538,"column":12},"end":{"line":1538,"column":28}},{"start":{"line":1538,"column":32},"end":{"line":1538,"column":53}}],"line":1538},"86":{"loc":{"start":{"line":1586,"column":8},"end":{"line":1588,"column":9}},"type":"if","locations":[{"start":{"line":1586,"column":8},"end":{"line":1588,"column":9}},{"start":{"line":1586,"column":8},"end":{"line":1588,"column":9}}],"line":1586},"87":{"loc":{"start":{"line":1586,"column":12},"end":{"line":1586,"column":55}},"type":"binary-expr","locations":[{"start":{"line":1586,"column":12},"end":{"line":1586,"column":29}},{"start":{"line":1586,"column":33},"end":{"line":1586,"column":55}}],"line":1586},"88":{"loc":{"start":{"line":1646,"column":8},"end":{"line":1648,"column":9}},"type":"if","locations":[{"start":{"line":1646,"column":8},"end":{"line":1648,"column":9}},{"start":{"line":1646,"column":8},"end":{"line":1648,"column":9}}],"line":1646},"89":{"loc":{"start":{"line":1765,"column":12},"end":{"line":1781,"column":13}},"type":"switch","locations":[{"start":{"line":1766,"column":16},"end":{"line":1770,"column":26}},{"start":{"line":1771,"column":16},"end":{"line":1775,"column":26}},{"start":{"line":1776,"column":16},"end":{"line":1780,"column":26}}],"line":1765},"90":{"loc":{"start":{"line":1828,"column":8},"end":{"line":1830,"column":9}},"type":"if","locations":[{"start":{"line":1828,"column":8},"end":{"line":1830,"column":9}},{"start":{"line":1828,"column":8},"end":{"line":1830,"column":9}}],"line":1828},"91":{"loc":{"start":{"line":1831,"column":8},"end":{"line":1833,"column":9}},"type":"if","locations":[{"start":{"line":1831,"column":8},"end":{"line":1833,"column":9}},{"start":{"line":1831,"column":8},"end":{"line":1833,"column":9}}],"line":1831},"92":{"loc":{"start":{"line":1834,"column":8},"end":{"line":1836,"column":9}},"type":"if","locations":[{"start":{"line":1834,"column":8},"end":{"line":1836,"column":9}},{"start":{"line":1834,"column":8},"end":{"line":1836,"column":9}}],"line":1834},"93":{"loc":{"start":{"line":1878,"column":8},"end":{"line":1880,"column":9}},"type":"if","locations":[{"start":{"line":1878,"column":8},"end":{"line":1880,"column":9}},{"start":{"line":1878,"column":8},"end":{"line":1880,"column":9}}],"line":1878},"94":{"loc":{"start":{"line":1894,"column":8},"end":{"line":1896,"column":9}},"type":"if","locations":[{"start":{"line":1894,"column":8},"end":{"line":1896,"column":9}},{"start":{"line":1894,"column":8},"end":{"line":1896,"column":9}}],"line":1894},"95":{"loc":{"start":{"line":1934,"column":8},"end":{"line":1936,"column":9}},"type":"if","locations":[{"start":{"line":1934,"column":8},"end":{"line":1936,"column":9}},{"start":{"line":1934,"column":8},"end":{"line":1936,"column":9}}],"line":1934},"96":{"loc":{"start":{"line":1937,"column":8},"end":{"line":1939,"column":9}},"type":"if","locations":[{"start":{"line":1937,"column":8},"end":{"line":1939,"column":9}},{"start":{"line":1937,"column":8},"end":{"line":1939,"column":9}}],"line":1937},"97":{"loc":{"start":{"line":1937,"column":12},"end":{"line":1937,"column":49}},"type":"binary-expr","locations":[{"start":{"line":1937,"column":12},"end":{"line":1937,"column":26}},{"start":{"line":1937,"column":30},"end":{"line":1937,"column":49}}],"line":1937},"98":{"loc":{"start":{"line":1940,"column":8},"end":{"line":1942,"column":9}},"type":"if","locations":[{"start":{"line":1940,"column":8},"end":{"line":1942,"column":9}},{"start":{"line":1940,"column":8},"end":{"line":1942,"column":9}}],"line":1940},"99":{"loc":{"start":{"line":1940,"column":12},"end":{"line":1940,"column":51}},"type":"binary-expr","locations":[{"start":{"line":1940,"column":12},"end":{"line":1940,"column":27}},{"start":{"line":1940,"column":31},"end":{"line":1940,"column":51}}],"line":1940},"100":{"loc":{"start":{"line":1949,"column":8},"end":{"line":1951,"column":9}},"type":"if","locations":[{"start":{"line":1949,"column":8},"end":{"line":1951,"column":9}},{"start":{"line":1949,"column":8},"end":{"line":1951,"column":9}}],"line":1949},"101":{"loc":{"start":{"line":1952,"column":8},"end":{"line":1954,"column":9}},"type":"if","locations":[{"start":{"line":1952,"column":8},"end":{"line":1954,"column":9}},{"start":{"line":1952,"column":8},"end":{"line":1954,"column":9}}],"line":1952},"102":{"loc":{"start":{"line":1981,"column":12},"end":{"line":1982,"column":59}},"type":"if","locations":[{"start":{"line":1981,"column":12},"end":{"line":1982,"column":59}},{"start":{"line":1981,"column":12},"end":{"line":1982,"column":59}}],"line":1981},"103":{"loc":{"start":{"line":2011,"column":8},"end":{"line":2013,"column":9}},"type":"if","locations":[{"start":{"line":2011,"column":8},"end":{"line":2013,"column":9}},{"start":{"line":2011,"column":8},"end":{"line":2013,"column":9}}],"line":2011},"104":{"loc":{"start":{"line":2011,"column":12},"end":{"line":2011,"column":47}},"type":"binary-expr","locations":[{"start":{"line":2011,"column":12},"end":{"line":2011,"column":25}},{"start":{"line":2011,"column":29},"end":{"line":2011,"column":47}}],"line":2011},"105":{"loc":{"start":{"line":2058,"column":8},"end":{"line":2060,"column":9}},"type":"if","locations":[{"start":{"line":2058,"column":8},"end":{"line":2060,"column":9}},{"start":{"line":2058,"column":8},"end":{"line":2060,"column":9}}],"line":2058},"106":{"loc":{"start":{"line":2086,"column":8},"end":{"line":2088,"column":9}},"type":"if","locations":[{"start":{"line":2086,"column":8},"end":{"line":2088,"column":9}},{"start":{"line":2086,"column":8},"end":{"line":2088,"column":9}}],"line":2086},"107":{"loc":{"start":{"line":2086,"column":12},"end":{"line":2086,"column":51}},"type":"binary-expr","locations":[{"start":{"line":2086,"column":12},"end":{"line":2086,"column":27}},{"start":{"line":2086,"column":31},"end":{"line":2086,"column":51}}],"line":2086},"108":{"loc":{"start":{"line":2128,"column":8},"end":{"line":2130,"column":9}},"type":"if","locations":[{"start":{"line":2128,"column":8},"end":{"line":2130,"column":9}},{"start":{"line":2128,"column":8},"end":{"line":2130,"column":9}}],"line":2128},"109":{"loc":{"start":{"line":2128,"column":12},"end":{"line":2128,"column":51}},"type":"binary-expr","locations":[{"start":{"line":2128,"column":12},"end":{"line":2128,"column":27}},{"start":{"line":2128,"column":31},"end":{"line":2128,"column":51}}],"line":2128},"110":{"loc":{"start":{"line":2172,"column":8},"end":{"line":2174,"column":9}},"type":"if","locations":[{"start":{"line":2172,"column":8},"end":{"line":2174,"column":9}},{"start":{"line":2172,"column":8},"end":{"line":2174,"column":9}}],"line":2172},"111":{"loc":{"start":{"line":2172,"column":12},"end":{"line":2172,"column":51}},"type":"binary-expr","locations":[{"start":{"line":2172,"column":12},"end":{"line":2172,"column":27}},{"start":{"line":2172,"column":31},"end":{"line":2172,"column":51}}],"line":2172},"112":{"loc":{"start":{"line":2183,"column":8},"end":{"line":2185,"column":9}},"type":"if","locations":[{"start":{"line":2183,"column":8},"end":{"line":2185,"column":9}},{"start":{"line":2183,"column":8},"end":{"line":2185,"column":9}}],"line":2183},"113":{"loc":{"start":{"line":2186,"column":8},"end":{"line":2188,"column":9}},"type":"if","locations":[{"start":{"line":2186,"column":8},"end":{"line":2188,"column":9}},{"start":{"line":2186,"column":8},"end":{"line":2188,"column":9}}],"line":2186},"114":{"loc":{"start":{"line":2416,"column":8},"end":{"line":2418,"column":9}},"type":"if","locations":[{"start":{"line":2416,"column":8},"end":{"line":2418,"column":9}},{"start":{"line":2416,"column":8},"end":{"line":2418,"column":9}}],"line":2416},"115":{"loc":{"start":{"line":2416,"column":12},"end":{"line":2416,"column":55}},"type":"binary-expr","locations":[{"start":{"line":2416,"column":12},"end":{"line":2416,"column":29}},{"start":{"line":2416,"column":33},"end":{"line":2416,"column":55}}],"line":2416},"116":{"loc":{"start":{"line":2467,"column":8},"end":{"line":2469,"column":9}},"type":"if","locations":[{"start":{"line":2467,"column":8},"end":{"line":2469,"column":9}},{"start":{"line":2467,"column":8},"end":{"line":2469,"column":9}}],"line":2467},"117":{"loc":{"start":{"line":2467,"column":12},"end":{"line":2467,"column":65}},"type":"binary-expr","locations":[{"start":{"line":2467,"column":12},"end":{"line":2467,"column":35}},{"start":{"line":2467,"column":39},"end":{"line":2467,"column":65}}],"line":2467}},"s":{"0":0,"1":0,"2":0,"3":0,"4":0,"5":0,"6":0,"7":0,"8":0,"9":0,"10":0,"11":0,"12":0,"13":0,"14":0,"15":0,"16":0,"17":0,"18":0,"19":0,"20":0,"21":0,"22":0,"23":0,"24":0,"25":0,"26":0,"27":0,"28":0,"29":0,"30":0,"31":0,"32":0,"33":0,"34":0,"35":0,"36":0,"37":0,"38":0,"39":0,"40":0,"41":0,"42":0,"43":0,"44":0,"45":0,"46":0,"47":0,"48":0,"49":0,"50":0,"51":0,"52":0,"53":0,"54":0,"55":0,"56":0,"57":0,"58":0,"59":0,"60":0,"61":0,"62":0,"63":0,"64":0,"65":0,"66":0,"67":0,"68":0,"69":0,"70":0,"71":0,"72":0,"73":0,"74":0,"75":0,"76":0,"77":0,"78":0,"79":0,"80":0,"81":0,"82":0,"83":0,"84":0,"85":0,"86":0,"87":0,"88":0,"89":0,"90":0,"91":0,"92":0,"93":0,"94":0,"95":0,"96":0,"97":0,"98":0,"99":0,"100":0,"101":0,"102":0,"103":0,"104":0,"105":0,"106":0,"107":0,"108":0,"109":0,"110":0,"111":0,"112":0,"113":0,"114":0,"115":0,"116":0,"117":0,"118":0,"119":0,"120":0,"121":0,"122":0,"123":0,"124":0,"125":0,"126":0,"127":0,"128":0,"129":0,"130":0,"131":0,"132":0,"133":0,"134":0,"135":0,"136":0,"137":0,"138":0,"139":0,"140":0,"141":0,"142":0,"143":0,"144":0,"145":0,"146":0,"147":0,"148":0,"149":0,"150":0,"151":0,"152":0,"153":0,"154":0,"155":0,"156":0,"157":0,"158":0,"159":0,"160":0,"161":0,"162":0,"163":0,"164":0,"165":0,"166":0,"167":0,"168":0,"169":0,"170":0,"171":0,"172":0,"173":0,"174":0,"175":0,"176":0,"177":0,"178":0,"179":0,"180":0,"181":0,"182":0,"183":0,"184":0,"185":0,"186":0,"187":0,"188":0,"189":0,"190":0,"191":0,"192":0,"193":0,"194":0,"195":0,"196":0,"197":0,"198":0,"199":0,"200":0,"201":0,"202":0,"203":0,"204":0,"205":0,"206":0,"207":0,"208":0,"209":0,"210":0,"211":0,"212":0,"213":0,"214":0,"215":0,"216":0,"217":0,"218":0,"219":0,"220":0,"221":0,"222":0,"223":0,"224":0,"225":0,"226":0,"227":0,"228":0,"229":0,"230":0,"231":0,"232":0,"233":0,"234":0,"235":0,"236":0,"237":0,"238":0,"239":0,"240":0,"241":0,"242":0,"243":0,"244":0,"245":0,"246":0,"247":0,"248":0,"249":0,"250":0,"251":0,"252":0,"253":0,"254":0,"255":0,"256":0,"257":0,"258":0,"259":0,"260":0,"261":0,"262":0,"263":0,"264":0,"265":0,"266":0,"267":0,"268":0,"269":0,"270":0,"271":0,"272":0,"273":0,"274":0,"275":0,"276":0,"277":0,"278":0,"279":0,"280":0,"281":0,"282":0,"283":0,"284":0,"285":0,"286":0,"287":0,"288":0,"289":0,"290":0,"291":0,"292":0,"293":0,"294":0,"295":0,"296":0,"297":0,"298":0,"299":0,"300":0,"301":0,"302":0,"303":0,"304":0,"305":0,"306":0,"307":0,"308":0,"309":0,"310":0,"311":0,"312":0,"313":0,"314":0,"315":0,"316":0,"317":0,"318":0,"319":0,"320":0,"321":0,"322":0,"323":0,"324":0,"325":0,"326":0,"327":0,"328":0,"329":0,"330":0,"331":0,"332":0,"333":0,"334":0,"335":0,"336":0,"337":0,"338":0,"339":0,"340":0,"341":0,"342":0,"343":0,"344":0,"345":0,"346":0,"347":0,"348":0,"349":0,"350":0,"351":0,"352":0,"353":0,"354":0,"355":0,"356":0,"357":0,"358":0,"359":0,"360":0,"361":0,"362":0,"363":0,"364":0,"365":0,"366":0,"367":0,"368":0,"369":0,"370":0,"371":0,"372":0,"373":0,"374":0,"375":0,"376":0,"377":0,"378":0,"379":0,"380":0,"381":0,"382":0,"383":0,"384":0,"385":0,"386":0,"387":0,"388":0,"389":0,"390":0,"391":0,"392":0,"393":0,"394":0,"395":0,"396":0,"397":0,"398":0,"399":0,"400":0,"401":0,"402":0,"403":0,"404":0,"405":0,"406":0,"407":0,"408":0,"409":0,"410":0,"411":0,"412":0,"413":0,"414":0,"415":0,"416":0,"417":0,"418":0,"419":0,"420":0,"421":0,"422":0,"423":0,"424":0,"425":0,"426":0,"427":0,"428":0,"429":0,"430":0,"431":0,"432":0,"433":0,"434":0,"435":0,"436":0,"437":0,"438":0,"439":0,"440":0,"441":0,"442":0,"443":0,"444":0,"445":0,"446":0,"447":0,"448":0,"449":0,"450":0,"451":0,"452":0,"453":0,"454":0,"455":0,"456":0,"457":0,"458":0,"459":0,"460":0,"461":0,"462":0,"463":0,"464":0,"465":0,"466":0,"467":0,"468":0,"469":0,"470":0,"471":0,"472":0,"473":0,"474":0,"475":0,"476":0,"477":0,"478":0,"479":0,"480":0,"481":0,"482":0,"483":0,"484":0,"485":0,"486":0,"487":0,"488":0,"489":0,"490":0,"491":0,"492":0,"493":0,"494":0,"495":0,"496":0,"497":0,"498":0,"499":0,"500":0,"501":0,"502":0,"503":0,"504":0,"505":0,"506":0,"507":0,"508":0,"509":0,"510":0,"511":0,"512":0,"513":0,"514":0,"515":0,"516":0,"517":0,"518":0,"519":0,"520":0,"521":0,"522":0,"523":0,"524":0,"525":0,"526":0,"527":0,"528":0,"529":0,"530":0,"531":0,"532":0,"533":0,"534":0,"535":0,"536":0,"537":0,"538":0,"539":0,"540":0,"541":0,"542":0,"543":0,"544":0,"545":0,"546":0,"547":0,"548":0,"549":0,"550":0,"551":0,"552":0,"553":0,"554":0,"555":0,"556":0,"557":0,"558":0,"559":0,"560":0,"561":0,"562":0,"563":0,"564":0,"565":0,"566":0,"567":0,"568":0,"569":0,"570":0,"571":0,"572":0,"573":0,"574":0,"575":0,"576":0,"577":0,"578":0,"579":0,"580":0,"581":0,"582":0,"583":0,"584":0,"585":0,"586":0,"587":0,"588":0,"589":0,"590":0,"591":0,"592":0,"593":0,"594":0,"595":0,"596":0,"597":0,"598":0,"599":0,"600":0,"601":0,"602":0,"603":0,"604":0,"605":0,"606":0,"607":0,"608":0,"609":0,"610":0,"611":0,"612":0,"613":0,"614":0,"615":0,"616":0},"f":{"0":0,"1":0,"2":0,"3":0,"4":0,"5":0,"6":0,"7":0,"8":0,"9":0,"10":0,"11":0,"12":0,"13":0,"14":0,"15":0,"16":0,"17":0,"18":0,"19":0,"20":0,"21":0,"22":0,"23":0,"24":0,"25":0,"26":0,"27":0,"28":0,"29":0,"30":0,"31":0,"32":0,"33":0,"34":0,"35":0,"36":0,"37":0,"38":0,"39":0,"40":0,"41":0,"42":0,"43":0,"44":0,"45":0,"46":0,"47":0,"48":0,"49":0,"50":0,"51":0,"52":0,"53":0,"54":0,"55":0,"56":0,"57":0,"58":0,"59":0,"60":0,"61":0,"62":0,"63":0,"64":0,"65":0,"66":0,"67":0,"68":0,"69":0,"70":0,"71":0,"72":0,"73":0,"74":0,"75":0,"76":0,"77":0,"78":0,"79":0,"80":0,"81":0,"82":0,"83":0,"84":0,"85":0,"86":0,"87":0,"88":0,"89":0,"90":0,"91":0,"92":0,"93":0,"94":0,"95":0,"96":0,"97":0,"98":0,"99":0,"100":0,"101":0,"102":0,"103":0,"104":0,"105":0,"106":0,"107":0,"108":0,"109":0,"110":0,"111":0,"112":0,"113":0,"114":0,"115":0,"116":0,"117":0,"118":0,"119":0,"120":0,"121":0,"122":0,"123":0,"124":0,"125":0},"b":{"0":[0,0],"1":[0,0],"2":[0,0],"3":[0,0],"4":[0,0],"5":[0,0],"6":[0,0],"7":[0,0],"8":[0,0],"9":[0,0],"10":[0,0],"11":[0,0],"12":[0,0],"13":[0,0],"14":[0,0],"15":[0,0],"16":[0,0],"17":[0,0],"18":[0,0],"19":[0,0],"20":[0,0],"21":[0,0],"22":[0,0],"23":[0,0],"24":[0,0],"25":[0,0],"26":[0,0],"27":[0,0,0],"28":[0,0],"29":[0,0],"30":[0,0,0],"31":[0,0],"32":[0,0],"33":[0,0],"34":[0,0,0],"35":[0,0],"36":[0,0],"37":[0,0],"38":[0,0],"39":[0,0],"40":[0,0],"41":[0,0],"42":[0,0],"43":[0,0],"44":[0,0],"45":[0,0],"46":[0,0],"47":[0,0],"48":[0,0],"49":[0,0],"50":[0,0],"51":[0,0],"52":[0,0],"53":[0,0],"54":[0,0],"55":[0,0],"56":[0,0],"57":[0,0],"58":[0,0],"59":[0,0],"60":[0,0],"61":[0,0],"62":[0,0],"63":[0,0],"64":[0,0],"65":[0,0],"66":[0,0],"67":[0,0],"68":[0,0],"69":[0,0],"70":[0,0],"71":[0,0],"72":[0,0],"73":[0,0],"74":[0,0],"75":[0,0],"76":[0,0],"77":[0,0],"78":[0,0],"79":[0,0],"80":[0,0],"81":[0,0],"82":[0,0],"83":[0,0],"84":[0,0],"85":[0,0],"86":[0,0],"87":[0,0],"88":[0,0],"89":[0,0,0],"90":[0,0],"91":[0,0],"92":[0,0],"93":[0,0],"94":[0,0],"95":[0,0],"96":[0,0],"97":[0,0],"98":[0,0],"99":[0,0],"100":[0,0],"101":[0,0],"102":[0,0],"103":[0,0],"104":[0,0],"105":[0,0],"106":[0,0],"107":[0,0],"108":[0,0],"109":[0,0],"110":[0,0],"111":[0,0],"112":[0,0],"113":[0,0],"114":[0,0],"115":[0,0],"116":[0,0],"117":[0,0]}},"h:\\Works\\GitHub\\proximax-storage\\xpx-typescript-angular-sdk.git\\projects\\xpx-typescript-angular-sdk\\karma.conf.js":{"path":"h:\\Works\\GitHub\\proximax-storage\\xpx-typescript-angular-sdk.git\\projects\\xpx-typescript-angular-sdk\\karma.conf.js","statementMap":{"0":{"start":{"line":4,"column":0},"end":{"line":39,"column":2}},"1":{"start":{"line":5,"column":2},"end":{"line":38,"column":5}}},"fnMap":{"0":{"name":"(anonymous_0)","decl":{"start":{"line":4,"column":17},"end":{"line":4,"column":18}},"loc":{"start":{"line":4,"column":35},"end":{"line":39,"column":1}},"line":4}},"branchMap":{},"s":{"0":0,"1":0},"f":{"0":0},"b":{}}}